Log: Log file open, 01/17/17 09:23:58
Log: WinSock: version 1.1 (2.2), MaxSocks=32767, MaxUdp=65467
Log: Version: 8631
Log: Compiled (32-bit): Sep 25 2013 19:23:54
Log: Changelist: 770068
Log: Command line: 
Log: Base directory: I:\1P\8\Borderlands.2.GOTY\Binaries\Win32\
[0004.05] Log: CPU Page size=4096, Processors=4
[0004.05] Log: High frequency timer resolution =2.338457 MHz
[0004.05] Log: Memory total: Physical=3.1GB Pagefile=6.1GB Virtual=2.0GB
[0004.06] Log: STEAMWORKS initialized 1
[0004.08] Log: Presizing for 0 objects not considered by GC, pre-allocating 0 bytes.
[0004.11] Log: Presizing GObjAvailable to 262144 slots (~1048576 bytes)
[0004.48] Log: Object subsystem initialized
[0004.55] Log:   Steamworks-provided language string: english
[0005.90] Log: OS stats:
[0005.90] Log: 	Windows 7 Service Pack 1
[0005.90] Log: 	RemoteDesktop=0
[0005.90] Log: Memory stats:
[0005.90] Log: 	Physical: 3141MB
[0005.90] Log: 	Virtual: 2047MB
[0005.90] Log: 	PageFile: 6280MB
[0005.90] Log: CPU stats:
[0005.90] Log: 	MeasuredPerformanceTime: 144.703 (stored result)
[0005.90] Log: 	Hyperthreaded: 1
[0005.90] Log: 	NumProcessorsPerCPU: 1
[0005.90] Log: 	NumLogicalProcessors: 4
[0005.90] Log: 	NumPhysicalProcessors: 8
[0005.90] Log: 	MaxSpeed: 2401
[0005.90] Log: 	CurrentSpeed: 792
[0005.90] Log: 	CoresPerProcessor: 8
[0005.90] Log: 	IsOnBattery: 0
[0005.90] Log: 	BatteryLevel: 100
[0005.90] Log: 	Manufacturer: Intel
[0005.90] Log: 	CPUName: INTEL Pentium-III
[0005.90] Log: 	L1CacheSize: -1
[0005.90] Log: 	L2CacheSize: -1
[0005.90] Log: 	Architecture: x86
[0005.90] Log: GPU stats:
[0005.90] Log: 	VendorID: 000010DE
[0005.90] Log: 	DeviceID: 00000DF4
[0005.90] Log: 	DriverVersion: 9.18.13.4448
[0005.90] Log: 	DeviceName: NVIDIA GeForce GT 540M             
[0005.90] Log: 	DriverName: nvumdshim.dll
[0005.90] Log: 	PixelShaderVersion: 3
[0005.90] Log: 	VertexShaderVersion: 3
[0005.90] Log: 	VRAMQuantity: 1024
[0005.90] Log: 	DedicatedVRAM: 977
[0005.90] Log: 	AdapterCount: 1
[0005.90] Log: 	SupportsHardwareTnL: 1
[0005.90] Log: 	IsLowMemoryXPMachine: 0
[0005.90] Log: Machine  detected compatibility level: Composite: 4. CPU: 5. GPU: 4.
[0005.90] Log: Previous detected compatibility level: Composite: 4. CPU: 5. GPU: 4.
[0006.16] Log: Shader platform (RHI): PC-D3D-SM3
[0008.40] Log: PhysX GPU Support: DISABLED
[0008.62] Log: Initializing FaceFX...
[0008.66] Log: FaceFX 1.7.4 initialized.
[0027.12] Log: Finished loading startup packages in 17.90 seconds
[0027.14] Log: 154396 objects as part of root set at end of initial load.
[0027.14] Log: Initializing Engine...
[0027.40] Log: UEngine initialized
[0028.44] Log: AK Audio Device initialized.
[0028.70] Log: Client initialized
[0031.53] Log: Initializing Steamworks
[0033.25] Log: Primary PhysX scene will be in software.
[0033.25] Log: Creating Primary PhysX Scene.
[0033.46] Log: Bringing World menumap.TheWorld up for play (0) at 2017.01.17-09.24.28
[0033.54] Log: Bringing up level for play took: 0.615341
[0033.73] Log: Game engine initialized
[0033.78] Log: Initializing Engine Completed
[0035.10] Log: >>>>>>>>>>>>>> Initial startup: 35.10s <<<<<<<<<<<<<<<
[0129.64] Log: Primary PhysX scene will be in software.
[0129.64] Log: Creating Primary PhysX Scene.
[0129.65] Log: Bringing World ExampleEntry.TheWorld up for play (0) at 2017.01.17-09.26.04
[0129.65] Log: Bringing up level for play took: 0.024358
[0129.80] Log: Primary PhysX scene will be in software.
[0129.80] Log: Creating Primary PhysX Scene.
[0129.83] Log: Bringing World Loader.TheWorld up for play (0) at 2017.01.17-09.26.04
[0129.84] Log: Bringing up level for play took: 0.050640
[0129.84] Log: Using cached profile data instead of reading
[0129.84] Log: Using cached profile data instead of reading
[0750.16] Log: Primary PhysX scene will be in software.
[0750.16] Log: Creating Primary PhysX Scene.
[0750.26] Log: Bringing World menumap.TheWorld up for play (0) at 2017.01.17-09.36.25
[0750.34] Log: Bringing up level for play took: 1.535295
[0750.35] Log: Using cached profile data instead of reading
[0750.44] Log: Using cached profile data instead of reading
[0760.83] Log: Primary PhysX scene will be in software.
[0760.83] Log: Creating Primary PhysX Scene.
[0760.85] Log: Bringing World ExampleEntry.TheWorld up for play (0) at 2017.01.17-09.36.35
[0760.85] Log: Bringing up level for play took: 0.025711
[0761.21] Log: Primary PhysX scene will be in software.
[0761.21] Log: Creating Primary PhysX Scene.
[0761.26] Log: Bringing World Loader.TheWorld up for play (0) at 2017.01.17-09.36.36
[0761.29] Log: Bringing up level for play took: 0.093108
[0761.29] Log: Using cached profile data instead of reading
[0761.30] Log: Using cached profile data instead of reading
[0802.08] Log: Primary PhysX scene will be in software.
[0802.08] Log: Creating Primary PhysX Scene.
[1234.33] Log: Primary PhysX scene will be in software.
[1234.33] Log: Creating Primary PhysX Scene.
[1258.03] Log: Wrote profile (592 bytes) to disk.
[1691.04] Log: Wrote profile (592 bytes) to disk.
[2441.46] Log: Wrote profile (592 bytes) to disk.
[2444.97] Log: Primary PhysX scene will be in software.
[2444.97] Log: Creating Primary PhysX Scene.
[2445.11] Log: Bringing World menumap.TheWorld up for play (0) at 2017.01.17-10.04.40
[2445.20] Log: Bringing up level for play took: 1.304605
[2445.20] Log: Using cached profile data instead of reading
[2445.26] Log: Using cached profile data instead of reading
[2459.43] Log: Primary PhysX scene will be in software.
[2459.43] Log: Creating Primary PhysX Scene.
[2459.45] Log: Bringing World ExampleEntry.TheWorld up for play (0) at 2017.01.17-10.04.54
[2459.45] Log: Bringing up level for play took: 0.026205
[2459.62] Log: Primary PhysX scene will be in software.
[2459.62] Log: Creating Primary PhysX Scene.
[2459.64] Log: Bringing World Loader.TheWorld up for play (0) at 2017.01.17-10.04.54
[2459.65] Log: Bringing up level for play took: 0.032627
[2459.65] Log: Using cached profile data instead of reading
[2459.65] Log: Using cached profile data instead of reading
[2502.51] Log: Primary PhysX scene will be in software.
[2502.51] Log: Creating Primary PhysX Scene.
[2682.16] Log: Primary PhysX scene will be in software.
[2682.16] Log: Creating Primary PhysX Scene.
[2706.64] Log: Wrote profile (592 bytes) to disk.
[2802.42] Log: Primary PhysX scene will be in software.
[2802.42] Log: Creating Primary PhysX Scene.
[3156.15] Log: Wrote profile (592 bytes) to disk.
[3852.84] Log: Wrote profile (592 bytes) to disk.
[4405.19] Log: Primary PhysX scene will be in software.
[4405.19] Log: Creating Primary PhysX Scene.
[4405.27] Log: Bringing World menumap.TheWorld up for play (0) at 2017.01.17-10.37.20
[4405.35] Log: Bringing up level for play took: 1.554119
[4405.36] Log: Using cached profile data instead of reading
[4405.46] Log: Using cached profile data instead of reading
[4415.54] Log: Primary PhysX scene will be in software.
[4415.54] Log: Creating Primary PhysX Scene.
[4415.56] Log: Bringing World ExampleEntry.TheWorld up for play (0) at 2017.01.17-10.37.30
[4415.56] Log: Bringing up level for play took: 0.022659
[4415.72] Log: Primary PhysX scene will be in software.
[4415.72] Log: Creating Primary PhysX Scene.
[4415.74] Log: Bringing World Loader.TheWorld up for play (0) at 2017.01.17-10.37.30
[4415.75] Log: Bringing up level for play took: 0.032329
[4415.75] Log: Using cached profile data instead of reading
[4415.75] Log: Using cached profile data instead of reading
[4453.74] Log: Primary PhysX scene will be in software.
[4453.74] Log: Creating Primary PhysX Scene.
[4525.23] Log: Primary PhysX scene will be in software.
[4525.23] Log: Creating Primary PhysX Scene.
[4980.81] Log: Wrote profile (592 bytes) to disk.
[5185.73] Log: Wrote profile (592 bytes) to disk.
[5216.50] Log: Primary PhysX scene will be in software.
[5216.50] Log: Creating Primary PhysX Scene.
[5335.76] Log: Primary PhysX scene will be in software.
[5335.76] Log: Creating Primary PhysX Scene.
[5873.23] Log: Wrote profile (592 bytes) to di