Log: Log file open, 01/07/17 02:16:15
Log: WinSock: version 1.1 (2.2), MaxSocks=32767, MaxUdp=65467
Log: Version: 8631
Log: Compiled (32-bit): Sep 25 2013 19:23:54
Log: Changelist: 770068
Log: Command line: 
Log: Base directory: I:\1P\8\Borderlands.2.GOTY\Binaries\Win32\
[0004.34] Log: CPU Page size=4096, Processors=4
[0004.34] Log: High frequency timer resolution =2.338466 MHz
[0004.34] Log: Memory total: Physical=3.1GB Pagefile=6.1GB Virtual=2.0GB
[0004.34] Log: STEAMWORKS initialized 1
[0004.37] Log: Presizing for 0 objects not considered by GC, pre-allocating 0 bytes.
[0004.40] Log: Presizing GObjAvailable to 262144 slots (~1048576 bytes)
[0004.77] Log: Object subsystem initialized
[0004.83] Log:   Steamworks-provided language string: english
[0007.20] Log: OS stats:
[0007.20] Log: 	Windows 7 Service Pack 1
[0007.20] Log: 	RemoteDesktop=0
[0007.20] Log: Memory stats:
[0007.20] Log: 	Physical: 3141MB
[0007.20] Log: 	Virtual: 2047MB
[0007.20] Log: 	PageFile: 6280MB
[0007.20] Log: CPU stats:
[0007.20] Log: 	MeasuredPerformanceTime: 144.703 (stored result)
[0007.20] Log: 	Hyperthreaded: 1
[0007.20] Log: 	NumProcessorsPerCPU: 1
[0007.20] Log: 	NumLogicalProcessors: 4
[0007.20] Log: 	NumPhysicalProcessors: 8
[0007.20] Log: 	MaxSpeed: 2401
[0007.20] Log: 	CurrentSpeed: 792
[0007.20] Log: 	CoresPerProcessor: 8
[0007.20] Log: 	IsOnBattery: 0
[0007.20] Log: 	BatteryLevel: 97
[0007.20] Log: 	Manufacturer: Intel
[0007.20] Log: 	CPUName: INTEL Pentium-III
[0007.20] Log: 	L1CacheSize: -1
[0007.20] Log: 	L2CacheSize: -1
[0007.20] Log: 	Architecture: x86
[0007.20] Log: GPU stats:
[0007.20] Log: 	VendorID: 000010DE
[0007.20] Log: 	DeviceID: 00000DF4
[0007.20] Log: 	DriverVersion: 9.18.13.4448
[0007.20] Log: 	DeviceName: NVIDIA GeForce GT 540M             
[0007.20] Log: 	DriverName: nvumdshim.dll
[0007.20] Log: 	PixelShaderVersion: 3
[0007.20] Log: 	VertexShaderVersion: 3
[0007.20] Log: 	VRAMQuantity: 1024
[0007.20] Log: 	DedicatedVRAM: 977
[0007.20] Log: 	AdapterCount: 1
[0007.20] Log: 	SupportsHardwareTnL: 1
[0007.20] Log: 	IsLowMemoryXPMachine: 0
[0007.20] Log: Machine  detected compatibility level: Composite: 4. CPU: 5. GPU: 4.
[0007.20] Log: Previous detected compatibility level: Composite: 4. CPU: 5. GPU: 4.
[0007.47] Log: Shader platform (RHI): PC-D3D-SM3
[0009.75] Log: PhysX GPU Support: DISABLED
[0009.93] Log: Initializing FaceFX...
[0009.96] Log: FaceFX 1.7.4 initialized.
[0028.59] Log: Finished loading startup packages in 18.00 seconds
[0028.61] Log: 154396 objects as part of root set at end of initial load.
[0028.61] Log: Initializing Engine...
[0028.87] Log: UEngine initialized
[0029.95] Log: AK Audio Device initialized.
[0030.38] Log: Client initialized
[0034.13] Log: Initializing Steamworks
[0036.10] Log: Primary PhysX scene will be in software.
[0036.10] Log: Creating Primary PhysX Scene.
[0036.32] Log: Bringing World menumap.TheWorld up for play (0) at 2017.01.07-02.16.47
[0036.40] Log: Bringing up level for play took: 0.722698
[0036.47] Log: Game engine initialized
[0036.53] Log: Initializing Engine Completed
[0038.34] Log: >>>>>>>>>>>>>> Initial startup: 38.34s <<<<<<<<<<<<<<<
[0083.44] Log: Primary PhysX scene will be in software.
[0083.44] Log: Creating Primary PhysX Scene.
[0083.46] Log: Bringing World ExampleEntry.TheWorld up for play (0) at 2017.01.07-02.17.34
[0083.46] Log: Bringing up level for play took: 0.025488
[0083.59] Log: Primary PhysX scene will be in software.
[0083.59] Log: Creating Primary PhysX Scene.
[0083.63] Log: Bringing World Loader.TheWorld up for play (0) at 2017.01.07-02.17.34
[0083.64] Log: Bringing up level for play took: 0.054876
[0083.64] Log: Using cached profile data instead of reading
[0083.64] Log: Using cached profile data instead of reading
[0551.62] Log: Wrote profile (449 bytes) to disk.
[0593.19] Log: Wrote profile (449 bytes) to disk.
[0635.97] Log: Primary PhysX scene will be in software.
[0635.97] Log: Creating Primary PhysX Scene.
[1109.07] Log: Wrote profile (450 bytes) to disk.
[1442.