Log: Log file open, 01/06/17 09:13:06
Log: WinSock: version 1.1 (2.2), MaxSocks=32767, MaxUdp=65467
Log: Version: 8631
Log: Compiled (32-bit): Sep 25 2013 19:23:54
Log: Changelist: 770068
Log: Command line: 
Log: Base directory: I:\1P\8\Borderlands.2.GOTY\Binaries\Win32\
[0000.38] Log: CPU Page size=4096, Processors=4
[0000.38] Log: High frequency timer resolution =2.338466 MHz
[0000.38] Log: Memory total: Physical=3.1GB Pagefile=6.1GB Virtual=2.0GB
[0000.38] Log: STEAMWORKS initialized 1
[0000.38] Log: Presizing for 0 objects not considered by GC, pre-allocating 0 bytes.
[0000.38] Log: Presizing GObjAvailable to 262144 slots (~1048576 bytes)
[0000.38] Log: Object subsystem initialized
[0000.38] Log:   Steamworks-provided language string: english
[0000.73] Log: OS stats:
[0000.73] Log: 	Windows 7 Service Pack 1
[0000.73] Log: 	RemoteDesktop=0
[0000.73] Log: Memory stats:
[0000.73] Log: 	Physical: 3141MB
[0000.73] Log: 	Virtual: 2047MB
[0000.73] Log: 	PageFile: 6280MB
[0000.73] Log: CPU stats:
[0000.73] Log: 	MeasuredPerformanceTime: 144.703 (stored result)
[0000.73] Log: 	Hyperthreaded: 1
[0000.73] Log: 	NumProcessorsPerCPU: 1
[0000.73] Log: 	NumLogicalProcessors: 4
[0000.73] Log: 	NumPhysicalProcessors: 8
[0000.73] Log: 	MaxSpeed: 2401
[0000.73] Log: 	CurrentSpeed: 2401
[0000.73] Log: 	CoresPerProcessor: 8
[0000.73] Log: 	IsOnBattery: 0
[0000.73] Log: 	BatteryLevel: 98
[0000.73] Log: 	Manufacturer: Intel
[0000.73] Log: 	CPUName: INTEL Pentium-III
[0000.73] Log: 	L1CacheSize: -1
[0000.73] Log: 	L2CacheSize: -1
[0000.73] Log: 	Architecture: x86
[0000.73] Log: GPU stats:
[0000.73] Log: 	VendorID: 000010DE
[0000.73] Log: 	DeviceID: 00000DF4
[0000.73] Log: 	DriverVersion: 9.18.13.4448
[0000.73] Log: 	DeviceName: NVIDIA GeForce GT 540M             
[0000.73] Log: 	DriverName: nvumdshim.dll
[0000.73] Log: 	PixelShaderVersion: 3
[0000.73] Log: 	VertexShaderVersion: 3
[0000.73] Log: 	VRAMQuantity: 1024
[0000.73] Log: 	DedicatedVRAM: 977
[0000.73] Log: 	AdapterCount: 1
[0000.73] Log: 	SupportsHardwareTnL: 1
[0000.73] Log: 	IsLowMemoryXPMachine: 0
[0000.73] Log: Machine  detected compatibility level: Composite: 4. CPU: 5. GPU: 4.
[0000.73] Log: Previous detected compatibility level: Composite: 4. CPU: 5. GPU: 4.
[0000.76] Log: Shader platform (RHI): PC-D3D-SM3
[0001.06] Log: PhysX GPU Support: DISABLED
[0001.08] Log: Initializing FaceFX...
[0001.08] Log: FaceFX 1.7.4 initialized.
[0019.91] Log: Finished loading startup packages in 18.39 seconds
[0019.92] Log: 154396 objects as part of root set at end of initial load.
[0019.92] Log: Initializing Engine...
[0020.17] Log: UEngine initialized
[0021.46] Log: AK Audio Device initialized.
[0021.76] Log: Client initialized
[0024.50] Log: Initializing Steamworks
[0026.46] Log: Primary PhysX scene will be in software.
[0026.46] Log: Creating Primary PhysX Scene.
[0026.71] Log: Bringing World menumap.TheWorld up for play (0) at 2017.01.06-09.13.32
[0026.93] Log: Bringing up level for play took: 0.800259
[0027.00] Log: Game engine initialized
[0027.04] Log: Initializing Engine Completed
[0029.21] Log: >>>>>>>>>>>>>> Initial startup: 29.21s <<<<<<<<<<<<<<<
[0089.40] Log: Primary PhysX scene will be in software.
[0089.40] Log: Creating Primary PhysX Scene.
[0089.42] Log: Bringing World ExampleEntry.TheWorld up for play (0) at 2017.01.06-09.14.35
[0089.42] Log: Bringing up level for play took: 0.023607
[0089.56] Log: Primary PhysX scene will be in software.
[0089.56] Log: Creating Primary PhysX Scene.
[0089.58] Log: Bringing World Loader.TheWorld up for play (0) at 2017.01.06-09.14.35
[0089.59] Log: Bringing up level for play took: 0.042476
[0089.59] Log: Using cached profile data instead of reading
[0089.60] Log: Using cached profile data instead of reading
[0755.33] Log: Wrote profile (447 bytes) to disk.
[1912.53] Log: Wrote profile (449 bytes) to disk.
[2933.25] Log: Wrote profile (449 bytes) to disk.
[3076.30] Log: Primary PhysX scene will be in software.
[3076.30] Log: Creating Primary PhysX Scene.
[3086