Log: Log file open, 01/06/17 00:00:37
Log: WinSock: version 1.1 (2.2), MaxSocks=32767, MaxUdp=65467
Log: Version: 8631
Log: Compiled (32-bit): Sep 25 2013 19:23:54
Log: Changelist: 770068
Log: Command line: 
Log: Base directory: I:\1P\8\Borderlands.2.GOTY\Binaries\Win32\
[0004.00] Log: CPU Page size=4096, Processors=4
[0004.01] Log: High frequency timer resolution =2.338486 MHz
[0004.01] Log: Memory total: Physical=3.1GB Pagefile=6.1GB Virtual=2.0GB
[0004.01] Log: STEAMWORKS initialized 1
[0004.04] Log: Presizing for 0 objects not considered by GC, pre-allocating 0 bytes.
[0004.07] Log: Presizing GObjAvailable to 262144 slots (~1048576 bytes)
[0004.46] Log: Object subsystem initialized
[0004.53] Log:   Steamworks-provided language string: english
[0005.57] Log: OS stats:
[0005.57] Log: 	Windows 7 Service Pack 1
[0005.57] Log: 	RemoteDesktop=0
[0005.57] Log: Memory stats:
[0005.57] Log: 	Physical: 3141MB
[0005.57] Log: 	Virtual: 2047MB
[0005.57] Log: 	PageFile: 6280MB
[0005.57] Log: CPU stats:
[0005.57] Log: 	MeasuredPerformanceTime: 144.703 (stored result)
[0005.57] Log: 	Hyperthreaded: 1
[0005.57] Log: 	NumProcessorsPerCPU: 1
[0005.57] Log: 	NumLogicalProcessors: 4
[0005.57] Log: 	NumPhysicalProcessors: 8
[0005.57] Log: 	MaxSpeed: 2401
[0005.57] Log: 	CurrentSpeed: 2376
[0005.57] Log: 	CoresPerProcessor: 8
[0005.57] Log: 	IsOnBattery: 0
[0005.57] Log: 	BatteryLevel: 98
[0005.57] Log: 	Manufacturer: Intel
[0005.57] Log: 	CPUName: INTEL Pentium-III
[0005.57] Log: 	L1CacheSize: -1
[0005.57] Log: 	L2CacheSize: -1
[0005.57] Log: 	Architecture: x86
[0005.57] Log: GPU stats:
[0005.57] Log: 	VendorID: 000010DE
[0005.57] Log: 	DeviceID: 00000DF4
[0005.57] Log: 	DriverVersion: 9.18.13.4448
[0005.57] Log: 	DeviceName: NVIDIA GeForce GT 540M             
[0005.57] Log: 	DriverName: nvumdshim.dll
[0005.57] Log: 	PixelShaderVersion: 3
[0005.57] Log: 	VertexShaderVersion: 3
[0005.57] Log: 	VRAMQuantity: 1024
[0005.57] Log: 	DedicatedVRAM: 977
[0005.57] Log: 	AdapterCount: 1
[0005.57] Log: 	SupportsHardwareTnL: 1
[0005.57] Log: 	IsLowMemoryXPMachine: 0
[0005.57] Log: Machine  detected compatibility level: Composite: 4. CPU: 5. GPU: 4.
[0005.57] Log: Previous detected compatibility level: Composite: 4. CPU: 5. GPU: 4.
[0005.62] Log: Shader platform (RHI): PC-D3D-SM3
[0007.81] Log: PhysX GPU Support: DISABLED
[0008.05] Log: Initializing FaceFX...
[0008.08] Log: FaceFX 1.7.4 initialized.
[0027.10] Log: Finished loading startup packages in 18.45 seconds
[0027.12] Log: 154396 objects as part of root set at end of initial load.
[0027.12] Log: Initializing Engine...
[0027.23] Log: UEngine initialized
[0028.27] Log: AK Audio Device initialized.
[0028.45] Log: Client initialized
[0030.84] Log: Initializing Steamworks
[0032.56] Log: Primary PhysX scene will be in software.
[0032.56] Log: Creating Primary PhysX Scene.
[0032.79] Log: Bringing World menumap.TheWorld up for play (0) at 2017.01.06-00.01.05
[0032.86] Log: Bringing up level for play took: 0.593799
[0032.94] Log: Game engine initialized
[0033.00] Log: Initializing Engine Completed
[0047.16] Log: >>>>>>>>>>>>>> Initial startup: 47.16s <<<<<<<<<<<<<<<
[0142.82] Log: Primary PhysX scene will be in software.
[0142.82] Log: Creating Primary PhysX Scene.
[0142.84] Log: Bringing World ExampleEntry.TheWorld up for play (0) at 2017.01.06-00.02.55
[0142.84] Log: Bringing up level for play took: 0.029962
[0143.02] Log: Primary PhysX scene will be in software.
[0143.02] Log: Creating Primary PhysX Scene.
[0143.05] Log: Bringing World Loader.TheWorld up for play (0) at 2017.01.06-00.02.56
[0143.06] Log: Bringing up level for play took: 0.044742
[0143.06] Log: Using cached profile data instead of reading
[0143.06] Log: Using cached profile data instead of reading
[0762.81] Log: Wrote profile (443 bytes) to disk.
[0789.31] Log: Primary PhysX scene will be in software.
[0789.31] Log: Creating Primary PhysX Scene.
[0863.55] Log: Wrote profile (442 bytes) to disk.
[0869.78] Log: Primary PhysX scene will be in software.