Log: Log file open, 01/20/17 09:41:48
Log: WinSock: version 1.1 (2.2), MaxSocks=32767, MaxUdp=65467
Log: Version: 8631
Log: Compiled (32-bit): Sep 25 2013 19:23:54
Log: Changelist: 770068
Log: Command line: 
Log: Base directory: I:\1P\8\Borderlands.2.GOTY\Binaries\Win32\
[0003.90] Log: CPU Page size=4096, Processors=4
[0003.90] Log: High frequency timer resolution =2.338476 MHz
[0003.90] Log: Memory total: Physical=3.1GB Pagefile=6.1GB Virtual=2.0GB
[0003.91] Log: STEAMWORKS initialized 1
[0003.93] Log: Presizing for 0 objects not considered by GC, pre-allocating 0 bytes.
[0003.96] Log: Presizing GObjAvailable to 262144 slots (~1048576 bytes)
[0004.33] Log: Object subsystem initialized
[0004.40] Log:   Steamworks-provided language string: english
[0005.80] Log: OS stats:
[0005.80] Log: 	Windows 7 Service Pack 1
[0005.80] Log: 	RemoteDesktop=0
[0005.80] Log: Memory stats:
[0005.80] Log: 	Physical: 3141MB
[0005.80] Log: 	Virtual: 2047MB
[0005.80] Log: 	PageFile: 6280MB
[0005.80] Log: CPU stats:
[0005.80] Log: 	MeasuredPerformanceTime: 144.703 (stored result)
[0005.80] Log: 	Hyperthreaded: 1
[0005.80] Log: 	NumProcessorsPerCPU: 1
[0005.80] Log: 	NumLogicalProcessors: 4
[0005.80] Log: 	NumPhysicalProcessors: 8
[0005.80] Log: 	MaxSpeed: 2401
[0005.80] Log: 	CurrentSpeed: 792
[0005.80] Log: 	CoresPerProcessor: 8
[0005.80] Log: 	IsOnBattery: 0
[0005.80] Log: 	BatteryLevel: 96
[0005.80] Log: 	Manufacturer: Intel
[0005.80] Log: 	CPUName: INTEL Pentium-III
[0005.80] Log: 	L1CacheSize: -1
[0005.80] Log: 	L2CacheSize: -1
[0005.80] Log: 	Architecture: x86
[0005.80] Log: GPU stats:
[0005.80] Log: 	VendorID: 000010DE
[0005.80] Log: 	DeviceID: 00000DF4
[0005.80] Log: 	DriverVersion: 9.18.13.4448
[0005.80] Log: 	DeviceName: NVIDIA GeForce GT 540M             
[0005.80] Log: 	DriverName: nvumdshim.dll
[0005.80] Log: 	PixelShaderVersion: 3
[0005.80] Log: 	VertexShaderVersion: 3
[0005.80] Log: 	VRAMQuantity: 1024
[0005.80] Log: 	DedicatedVRAM: 977
[0005.80] Log: 	AdapterCount: 1
[0005.80] Log: 	SupportsHardwareTnL: 1
[0005.80] Log: 	IsLowMemoryXPMachine: 0
[0005.83] Log: Machine  detected compatibility level: Composite: 4. CPU: 5. GPU: 4.
[0005.83] Log: Previous detected compatibility level: Composite: 4. CPU: 5. GPU: 4.
[0005.97] Log: Shader platform (RHI): PC-D3D-SM3
[0008.27] Log: PhysX GPU Support: DISABLED
[0008.49] Log: Initializing FaceFX...
[0008.51] Log: FaceFX 1.7.4 initialized.
[0029.28] Log: Finished loading startup packages in 20.03 seconds
[0029.30] Log: 154396 objects as part of root set at end of initial load.
[0029.30] Log: Initializing Engine...
[0029.42] Log: UEngine initialized
[0030.47] Log: AK Audio Device initialized.
[0030.74] Log: Client initialized
[0034.44] Log: Initializing Steamworks
[0036.45] Log: Primary PhysX scene will be in software.
[0036.45] Log: Creating Primary PhysX Scene.
[0036.71] Log: Bringing World menumap.TheWorld up for play (0) at 2017.01.20-09.42.21
[0036.79] Log: Bringing up level for play took: 0.661118
[0036.88] Log: Game engine initialized
[0037.00] Log: Initializing Engine Completed
[0039.31] Log: >>>>>>>>>>>>>> Initial startup: 39.31s <<<<<<<<<<<<<<<
[0173.35] Log: Primary PhysX scene will be in software.
[0173.35] Log: Creating Primary PhysX Scene.
[0173.37] Log: Bringing World ExampleEntry.TheWorld up for play (0) at 2017.01.20-09.44.37
[0173.37] Log: Bringing up level for play took: 0.024821
[0173.55] Log: Primary PhysX scene will be in software.
[0173.55] Log: Creating Primary PhysX Scene.
[0173.57] Log: Bringing World Loader.TheWorld up for play (0) at 2017.01.20-09.44.37
[0173.60] Log: Bringing up level for play took: 0.057151
[0173.60] Log: Using cached profile data instead of reading
[0173.60] Log: Using cached profile data instead of reading
[0183.19] Log: Wrote profile (588 bytes) to disk.
[0217.37] Log: Primary PhysX scene will be in software.
[0217.37] Log: Creating Primary PhysX Scene.
[0747.98] Log: Wrote profile (587 bytes) to disk.
[2801.61] Log: Wrote profile (588 bytes) to disk.
[3330.