Log: Log file open, 01/09/17 13:59:06
Log: WinSock: version 1.1 (2.2), MaxSocks=32767, MaxUdp=65467
Log: Version: 8631
Log: Compiled (32-bit): Sep 25 2013 19:23:54
Log: Changelist: 770068
Log: Command line: 
Log: Base directory: I:\1P\8\Borderlands.2.GOTY\Binaries\Win32\
[0000.25] Log: CPU Page size=4096, Processors=4
[0000.25] Log: High frequency timer resolution =2.338457 MHz
[0000.25] Log: Memory total: Physical=3.1GB Pagefile=6.1GB Virtual=2.0GB
[0000.25] Log: STEAMWORKS initialized 1
[0000.25] Log: Presizing for 0 objects not considered by GC, pre-allocating 0 bytes.
[0000.25] Log: Presizing GObjAvailable to 262144 slots (~1048576 bytes)
[0000.26] Log: Object subsystem initialized
[0000.26] Log:   Steamworks-provided language string: english
[0000.92] Log: OS stats:
[0000.92] Log: 	Windows 7 Service Pack 1
[0000.92] Log: 	RemoteDesktop=0
[0000.92] Log: Memory stats:
[0000.92] Log: 	Physical: 3141MB
[0000.92] Log: 	Virtual: 2047MB
[0000.92] Log: 	PageFile: 6280MB
[0000.92] Log: CPU stats:
[0000.92] Log: 	MeasuredPerformanceTime: 144.703 (stored result)
[0000.92] Log: 	Hyperthreaded: 1
[0000.92] Log: 	NumProcessorsPerCPU: 1
[0000.92] Log: 	NumLogicalProcessors: 4
[0000.92] Log: 	NumPhysicalProcessors: 8
[0000.92] Log: 	MaxSpeed: 2401
[0000.92] Log: 	CurrentSpeed: 2401
[0000.92] Log: 	CoresPerProcessor: 8
[0000.92] Log: 	IsOnBattery: 0
[0000.92] Log: 	BatteryLevel: 100
[0000.92] Log: 	Manufacturer: Intel
[0000.92] Log: 	CPUName: INTEL Pentium-III
[0000.92] Log: 	L1CacheSize: -1
[0000.92] Log: 	L2CacheSize: -1
[0000.92] Log: 	Architecture: x86
[0000.92] Log: GPU stats:
[0000.92] Log: 	VendorID: 000010DE
[0000.92] Log: 	DeviceID: 00000DF4
[0000.92] Log: 	DriverVersion: 9.18.13.4448
[0000.92] Log: 	DeviceName: NVIDIA GeForce GT 540M             
[0000.92] Log: 	DriverName: nvumdshim.dll
[0000.92] Log: 	PixelShaderVersion: 3
[0000.92] Log: 	VertexShaderVersion: 3
[0000.92] Log: 	VRAMQuantity: 1024
[0000.92] Log: 	DedicatedVRAM: 977
[0000.92] Log: 	AdapterCount: 1
[0000.92] Log: 	SupportsHardwareTnL: 1
[0000.92] Log: 	IsLowMemoryXPMachine: 0
[0000.92] Log: Machine  detected compatibility level: Composite: 4. CPU: 5. GPU: 4.
[0000.92] Log: Previous detected compatibility level: Composite: 4. CPU: 5. GPU: 4.
[0000.96] Log: Shader platform (RHI): PC-D3D-SM3
[0001.35] Log: PhysX GPU Support: DISABLED
[0001.56] Log: Initializing FaceFX...
[0001.63] Log: FaceFX 1.7.4 initialized.
[0021.72] Log: Finished loading startup packages in 19.03 seconds
[0021.74] Log: 154396 objects as part of root set at end of initial load.
[0021.74] Log: Initializing Engine...
[0022.01] Log: UEngine initialized
[0023.17] Log: AK Audio Device initialized.
[0023.70] Log: Client initialized
[0029.81] Log: Initializing Steamworks
[0031.93] Log: Primary PhysX scene will be in software.
[0031.93] Log: Creating Primary PhysX Scene.
[0032.27] Log: Bringing World menumap.TheWorld up for play (0) at 2017.01.09-13.59.38
[0032.47] Log: Bringing up level for play took: 0.906910
[0032.76] Log: Game engine initialized
[0032.81] Log: Initializing Engine Completed
[0033.53] Log: >>>>>>>>>>>>>> Initial startup: 33.53s <<<<<<<<<<<<<<<
[0094.98] Log: Primary PhysX scene will be in software.
[0094.98] Log: Creating Primary PhysX Scene.
[0095.04] Log: Bringing World ExampleEntry.TheWorld up for play (0) at 2017.01.09-14.00.41
[0095.04] Log: Bringing up level for play took: 0.071129
[0095.38] Log: Primary PhysX scene will be in software.
[0095.38] Log: Creating Primary PhysX Scene.
[0095.52] Log: Bringing World Loader.TheWorld up for play (0) at 2017.01.09-14.00.41
[0095.55] Log: Bringing up level for play took: 0.188264
[0095.55] Log: Using cached profile data instead of reading
[0095.56] Log: Using cached profile data instead of reading
[0477.19] Log: Wrote profile (505 bytes) to disk.
[1006.95] Log: Wrote profile (505 bytes) to disk.
[1583.22] Log: Primary PhysX scene will be in software.
[1583.22] Log: Creating Primary PhysX Scene.
[2243.90] Log: Wrote profile (505 bytes) to disk.
[225