Log: Log file open, 01/05/17 20:55:48
Log: WinSock: version 1.1 (2.2), MaxSocks=32767, MaxUdp=65467
Log: Version: 8631
Log: Compiled (32-bit): Sep 25 2013 19:23:54
Log: Changelist: 770068
Log: Command line: 
Log: Base directory: I:\1P\8\Borderlands.2.GOTY\Binaries\Win32\
[0004.13] Log: CPU Page size=4096, Processors=4
[0004.13] Log: High frequency timer resolution =2.338486 MHz
[0004.13] Log: Memory total: Physical=3.1GB Pagefile=6.1GB Virtual=2.0GB
[0004.14] Log: STEAMWORKS initialized 1
[0004.16] Log: Presizing for 0 objects not considered by GC, pre-allocating 0 bytes.
[0004.19] Log: Presizing GObjAvailable to 262144 slots (~1048576 bytes)
[0004.56] Log: Object subsystem initialized
[0004.63] Log:   Steamworks-provided language string: english
[0005.80] Log: OS stats:
[0005.80] Log: 	Windows 7 Service Pack 1
[0005.80] Log: 	RemoteDesktop=0
[0005.80] Log: Memory stats:
[0005.80] Log: 	Physical: 3141MB
[0005.80] Log: 	Virtual: 2047MB
[0005.80] Log: 	PageFile: 6280MB
[0005.80] Log: CPU stats:
[0005.80] Log: 	MeasuredPerformanceTime: 144.703 (stored result)
[0005.80] Log: 	Hyperthreaded: 1
[0005.80] Log: 	NumProcessorsPerCPU: 1
[0005.80] Log: 	NumLogicalProcessors: 4
[0005.80] Log: 	NumPhysicalProcessors: 8
[0005.80] Log: 	MaxSpeed: 2401
[0005.80] Log: 	CurrentSpeed: 2184
[0005.80] Log: 	CoresPerProcessor: 8
[0005.80] Log: 	IsOnBattery: 0
[0005.80] Log: 	BatteryLevel: 100
[0005.80] Log: 	Manufacturer: Intel
[0005.80] Log: 	CPUName: INTEL Pentium-III
[0005.80] Log: 	L1CacheSize: -1
[0005.80] Log: 	L2CacheSize: -1
[0005.80] Log: 	Architecture: x86
[0005.80] Log: GPU stats:
[0005.80] Log: 	VendorID: 000010DE
[0005.80] Log: 	DeviceID: 00000DF4
[0005.80] Log: 	DriverVersion: 9.18.13.4448
[0005.80] Log: 	DeviceName: NVIDIA GeForce GT 540M             
[0005.80] Log: 	DriverName: nvumdshim.dll
[0005.80] Log: 	PixelShaderVersion: 3
[0005.80] Log: 	VertexShaderVersion: 3
[0005.80] Log: 	VRAMQuantity: 1024
[0005.80] Log: 	DedicatedVRAM: 977
[0005.80] Log: 	AdapterCount: 1
[0005.80] Log: 	SupportsHardwareTnL: 1
[0005.80] Log: 	IsLowMemoryXPMachine: 0
[0005.80] Log: Machine  detected compatibility level: Composite: 4. CPU: 5. GPU: 4.
[0005.80] Log: Previous detected compatibility level: Composite: 4. CPU: 5. GPU: 4.
[0005.94] Log: Shader platform (RHI): PC-D3D-SM3
[0008.35] Log: PhysX GPU Support: DISABLED
[0008.57] Log: Initializing FaceFX...
[0008.61] Log: FaceFX 1.7.4 initialized.
[0027.00] Log: Finished loading startup packages in 17.90 seconds
[0027.02] Log: 154396 objects as part of root set at end of initial load.
[0027.02] Log: Initializing Engine...
[0027.24] Log: UEngine initialized
[0028.34] Log: AK Audio Device initialized.
[0028.48] Log: Client initialized
[0031.15] Log: Initializing Steamworks
[0032.81] Log: Primary PhysX scene will be in software.
[0032.81] Log: Creating Primary PhysX Scene.
[0033.04] Log: Bringing World menumap.TheWorld up for play (0) at 2017.01.05-20.56.17
[0033.13] Log: Bringing up level for play took: 0.598460
[0033.21] Log: Game engine initialized
[0033.26] Log: Initializing Engine Completed
[0038.99] Log: >>>>>>>>>>>>>> Initial startup: 38.99s <<<<<<<<<<<<<<<
[0089.09] Log: Primary PhysX scene will be in software.
[0089.09] Log: Creating Primary PhysX Scene.
[0089.11] Log: Bringing World ExampleEntry.TheWorld up for play (0) at 2017.01.05-20.57.13
[0089.11] Log: Bringing up level for play took: 0.025798
[0089.25] Log: Primary PhysX scene will be in software.
[0089.25] Log: Creating Primary PhysX Scene.
[0089.28] Log: Bringing World Loader.TheWorld up for play (0) at 2017.01.05-20.57.13
[0089.30] Log: Bringing up level for play took: 0.052670
[0089.30] Log: Using cached profile data instead of reading
[0089.30] Log: Using cached profile data instead of reading
[0261.82] Log: Wrote profile (405 bytes) to disk.
[0635.32] Log: Wrote profile (430 bytes) to disk.
[0826.05] Log: Wrote profile (430 bytes) to disk.
[1060.89] Log: Wrote profile (432 bytes) to disk.
[2007.50] Log: Wrote profile (432 bytes) to disk.
[2079