Log: Log file open, 01/03/17 09:15:13
Log: WinSock: version 1.1 (2.2), MaxSocks=32767, MaxUdp=65467
Log: Version: 8631
Log: Compiled (32-bit): Sep 25 2013 19:23:54
Log: Changelist: 770068
Log: Command line: 
Log: Base directory: F:\Borderlands2\Borderlands.2.GOTY.ALL.DLC.CHS.9.0.Green.Edition-ALI213\Borderlands.2.GOTY\Binaries\Win32\
[0000.26] Log: CPU Page size=4096, Processors=4
[0000.26] Log: High frequency timer resolution =2.338476 MHz
[0000.26] Log: Memory total: Physical=3.1GB Pagefile=6.1GB Virtual=2.0GB
[0000.26] Log: STEAMWORKS initialized 1
[0000.27] Log: Presizing for 0 objects not considered by GC, pre-allocating 0 bytes.
[0000.27] Log: Presizing GObjAvailable to 262144 slots (~1048576 bytes)
[0000.27] Log: Object subsystem initialized
[0000.27] Log:   Steamworks-provided language string: english
[0005.54] Log: OS stats:
[0005.54] Log: 	Windows 7 Service Pack 1
[0005.54] Log: 	RemoteDesktop=0
[0005.54] Log: Memory stats:
[0005.54] Log: 	Physical: 3141MB
[0005.54] Log: 	Virtual: 2047MB
[0005.54] Log: 	PageFile: 6280MB
[0005.54] Log: CPU stats:
[0005.57] Log: 	MeasuredPerformanceTime: 144.703 (stored result)
[0005.57] Log: 	Hyperthreaded: 1
[0005.57] Log: 	NumProcessorsPerCPU: 1
[0005.57] Log: 	NumLogicalProcessors: 4
[0005.57] Log: 	NumPhysicalProcessors: 8
[0005.57] Log: 	MaxSpeed: 2401
[0005.57] Log: 	CurrentSpeed: 2401
[0005.57] Log: 	CoresPerProcessor: 8
[0005.57] Log: 	IsOnBattery: 0
[0005.57] Log: 	BatteryLevel: 96
[0005.57] Log: 	Manufacturer: Intel
[0005.57] Log: 	CPUName: INTEL Pentium-III
[0005.57] Log: 	L1CacheSize: -1
[0005.57] Log: 	L2CacheSize: -1
[0005.57] Log: 	Architecture: x86
[0005.57] Log: GPU stats:
[0005.57] Log: 	VendorID: 000010DE
[0005.57] Log: 	DeviceID: 00000DF4
[0005.57] Log: 	DriverVersion: 9.18.13.4448
[0005.57] Log: 	DeviceName: NVIDIA GeForce GT 540M             
[0005.57] Log: 	DriverName: nvumdshim.dll
[0005.57] Log: 	PixelShaderVersion: 3
[0005.57] Log: 	VertexShaderVersion: 3
[0005.57] Log: 	VRAMQuantity: 1024
[0005.57] Log: 	DedicatedVRAM: 977
[0005.57] Log: 	AdapterCount: 1
[0005.57] Log: 	SupportsHardwareTnL: 1
[0005.57] Log: 	IsLowMemoryXPMachine: 0
[0005.78] Log: Machine  detected compatibility level: Composite: 4. CPU: 5. GPU: 4.
[0005.78] Log: Previous detected compatibility level: Composite: 4. CPU: 5. GPU: 4.
[0007.22] Log: Shader platform (RHI): PC-D3D-SM3
[0035.91] Log: PhysX GPU Support: DISABLED
[0036.12] Log: Initializing FaceFX...
[0036.16] Log: FaceFX 1.7.4 initialized.
[0056.30] Log: Finished loading startup packages in 19.25 seconds
[0056.32] Log: 154396 objects as part of root set at end of initial load.
[0056.32] Log: Initializing Engine...
[0056.49] Log: UEngine initialized
[0057.26] Log: AK Audio Device initialized.
[0057.55] Log: Client initialized
[0063.02] Log: Initializing Steamworks
[0065.03] Log: Primary PhysX scene will be in software.
[0065.03] Log: Creating Primary PhysX Scene.
[0065.25] Log: Bringing World menumap.TheWorld up for play (0) at 2017.01.03-09.16.18
[0065.35] Log: Bringing up level for play took: 0.772301
[0065.47] Log: Game engine initialized
[0065.59] Log: Initializing Engine Completed
[0081.21] Log: >>>>>>>>>>>>>> Initial startup: 81.21s <<<<<<<<<<<<<<<
[0345.55] Log: Wrote profile (375 bytes) to disk.
[0394.01] Log: Primary PhysX scene will be in software.
[0394.01] Log: Creating Primary PhysX Scene.
[0394.06] Log: Bringing World ExampleEntry.TheWorld up for play (0) at 2017.01.03-09.21.47
[0394.07] Log: Bringing up level for play took: 0.070075
[0394.48] Log: Primary PhysX scene will be in software.
[0394.48] Log: Creating Primary PhysX Scene.
[0394.64] Log: Bringing World Loader.TheWorld up for play (0) at 2017.01.03-09.21.47
[0394.67] Log: Bringing up level for play took: 0.207844
[0394.68] Log: Using cached profile data instead of reading
[0394.68] Log: Using cached profile data instead of reading
[1251.33] Log: Wrote profile (374 bytes) to disk.
[1293.40] Log: Primary PhysX scene will be in software.
[1293.40] Log: Creating Primary PhysX S