Log: Log file open, 01/19/17 23:50:26
Log: WinSock: version 1.1 (2.2), MaxSocks=32767, MaxUdp=65467
Log: Version: 8631
Log: Compiled (32-bit): Sep 25 2013 19:23:54
Log: Changelist: 770068
Log: Command line: 
Log: Base directory: I:\1P\8\Borderlands.2.GOTY\Binaries\Win32\
[0004.44] Log: CPU Page size=4096, Processors=4
[0004.45] Log: High frequency timer resolution =2.338457 MHz
[0004.45] Log: Memory total: Physical=3.1GB Pagefile=6.1GB Virtual=2.0GB
[0004.45] Log: STEAMWORKS initialized 1
[0004.48] Log: Presizing for 0 objects not considered by GC, pre-allocating 0 bytes.
[0004.51] Log: Presizing GObjAvailable to 262144 slots (~1048576 bytes)
[0004.92] Log: Object subsystem initialized
[0004.99] Log:   Steamworks-provided language string: english
[0007.57] Log: OS stats:
[0007.57] Log: 	Windows 7 Service Pack 1
[0007.57] Log: 	RemoteDesktop=0
[0007.57] Log: Memory stats:
[0007.57] Log: 	Physical: 3141MB
[0007.57] Log: 	Virtual: 2047MB
[0007.57] Log: 	PageFile: 6280MB
[0007.57] Log: CPU stats:
[0007.57] Log: 	MeasuredPerformanceTime: 144.703 (stored result)
[0007.57] Log: 	Hyperthreaded: 1
[0007.57] Log: 	NumProcessorsPerCPU: 1
[0007.57] Log: 	NumLogicalProcessors: 4
[0007.57] Log: 	NumPhysicalProcessors: 8
[0007.57] Log: 	MaxSpeed: 2401
[0007.57] Log: 	CurrentSpeed: 792
[0007.57] Log: 	CoresPerProcessor: 8
[0007.57] Log: 	IsOnBattery: 0
[0007.57] Log: 	BatteryLevel: 96
[0007.57] Log: 	Manufacturer: Intel
[0007.57] Log: 	CPUName: INTEL Pentium-III
[0007.57] Log: 	L1CacheSize: -1
[0007.57] Log: 	L2CacheSize: -1
[0007.57] Log: 	Architecture: x86
[0007.57] Log: GPU stats:
[0007.57] Log: 	VendorID: 000010DE
[0007.57] Log: 	DeviceID: 00000DF4
[0007.57] Log: 	DriverVersion: 9.18.13.4448
[0007.57] Log: 	DeviceName: NVIDIA GeForce GT 540M             
[0007.57] Log: 	DriverName: nvumdshim.dll
[0007.57] Log: 	PixelShaderVersion: 3
[0007.57] Log: 	VertexShaderVersion: 3
[0007.57] Log: 	VRAMQuantity: 1024
[0007.57] Log: 	DedicatedVRAM: 977
[0007.57] Log: 	AdapterCount: 1
[0007.57] Log: 	SupportsHardwareTnL: 1
[0007.57] Log: 	IsLowMemoryXPMachine: 0
[0007.79] Log: Machine  detected compatibility level: Composite: 4. CPU: 5. GPU: 4.
[0007.79] Log: Previous detected compatibility level: Composite: 4. CPU: 5. GPU: 4.
[0007.90] Log: Shader platform (RHI): PC-D3D-SM3
[0010.03] Log: PhysX GPU Support: DISABLED
[0010.18] Log: Initializing FaceFX...
[0010.20] Log: FaceFX 1.7.4 initialized.
[0029.19] Log: Finished loading startup packages in 18.34 seconds
[0029.21] Log: 154396 objects as part of root set at end of initial load.
[0029.21] Log: Initializing Engine...
[0029.32] Log: UEngine initialized
[0030.30] Log: AK Audio Device initialized.
[0030.64] Log: Client initialized
[0033.37] Log: Initializing Steamworks
[0035.16] Log: Primary PhysX scene will be in software.
[0035.16] Log: Creating Primary PhysX Scene.
[0035.39] Log: Bringing World menumap.TheWorld up for play (0) at 2017.01.19-23.50.57
[0035.47] Log: Bringing up level for play took: 0.675384
[0035.55] Log: Game engine initialized
[0035.62] Log: Initializing Engine Completed
[0036.04] Log: >>>>>>>>>>>>>> Initial startup: 36.04s <<<<<<<<<<<<<<<
[0089.33] Log: Primary PhysX scene will be in software.
[0089.33] Log: Creating Primary PhysX Scene.
[0089.40] Log: Bringing World ExampleEntry.TheWorld up for play (0) at 2017.01.19-23.51.51
[0089.40] Log: Bringing up level for play took: 0.095005
[0089.84] Log: Primary PhysX scene will be in software.
[0089.84] Log: Creating Primary PhysX Scene.
[0089.92] Log: Bringing World Loader.TheWorld up for play (0) at 2017.01.19-23.51.52
[0089.93] Log: Bringing up level for play took: 0.097455
[0089.93] Log: Using cached profile data instead of reading
[0089.94] Log: Using cached profile data instead of reading
[0546.90] Log: Wrote profile (588 bytes) to disk.
[1117.65] Log: Wrote profile (588 bytes) to disk.
[2616.02] Log: Wrote profile (588 bytes) to disk.
[4270.74] Log: Wrote profile (587 bytes) to disk.
[4760.38] Log: Primary PhysX scene will be in software.
[