Log: Log file open, 01/18/17 09:12:35
Log: WinSock: version 1.1 (2.2), MaxSocks=32767, MaxUdp=65467
Log: Version: 8631
Log: Compiled (32-bit): Sep 25 2013 19:23:54
Log: Changelist: 770068
Log: Command line: 
Log: Base directory: I:\1P\8\Borderlands.2.GOTY\Binaries\Win32\
[0000.42] Log: CPU Page size=4096, Processors=4
[0000.42] Log: High frequency timer resolution =2.338486 MHz
[0000.42] Log: Memory total: Physical=3.1GB Pagefile=6.1GB Virtual=2.0GB
[0000.42] Log: STEAMWORKS initialized 1
[0000.43] Log: Presizing for 0 objects not considered by GC, pre-allocating 0 bytes.
[0000.43] Log: Presizing GObjAvailable to 262144 slots (~1048576 bytes)
[0000.43] Log: Object subsystem initialized
[0000.43] Log:   Steamworks-provided language string: english
[0001.09] Log: OS stats:
[0001.09] Log: 	Windows 7 Service Pack 1
[0001.09] Log: 	RemoteDesktop=0
[0001.09] Log: Memory stats:
[0001.09] Log: 	Physical: 3141MB
[0001.09] Log: 	Virtual: 2047MB
[0001.09] Log: 	PageFile: 6280MB
[0001.09] Log: CPU stats:
[0001.09] Log: 	MeasuredPerformanceTime: 144.703 (stored result)
[0001.09] Log: 	Hyperthreaded: 1
[0001.09] Log: 	NumProcessorsPerCPU: 1
[0001.09] Log: 	NumLogicalProcessors: 4
[0001.09] Log: 	NumPhysicalProcessors: 8
[0001.09] Log: 	MaxSpeed: 2401
[0001.09] Log: 	CurrentSpeed: 2376
[0001.09] Log: 	CoresPerProcessor: 8
[0001.09] Log: 	IsOnBattery: 0
[0001.09] Log: 	BatteryLevel: 100
[0001.09] Log: 	Manufacturer: Intel
[0001.09] Log: 	CPUName: INTEL Pentium-III
[0001.09] Log: 	L1CacheSize: -1
[0001.09] Log: 	L2CacheSize: -1
[0001.09] Log: 	Architecture: x86
[0001.09] Log: GPU stats:
[0001.09] Log: 	VendorID: 000010DE
[0001.09] Log: 	DeviceID: 00000DF4
[0001.09] Log: 	DriverVersion: 9.18.13.4448
[0001.09] Log: 	DeviceName: NVIDIA GeForce GT 540M             
[0001.09] Log: 	DriverName: nvumdshim.dll
[0001.09] Log: 	PixelShaderVersion: 3
[0001.09] Log: 	VertexShaderVersion: 3
[0001.09] Log: 	VRAMQuantity: 1024
[0001.09] Log: 	DedicatedVRAM: 977
[0001.09] Log: 	AdapterCount: 1
[0001.09] Log: 	SupportsHardwareTnL: 1
[0001.09] Log: 	IsLowMemoryXPMachine: 0
[0001.09] Log: Machine  detected compatibility level: Composite: 4. CPU: 5. GPU: 4.
[0001.09] Log: Previous detected compatibility level: Composite: 4. CPU: 5. GPU: 4.
[0001.11] Log: Shader platform (RHI): PC-D3D-SM3
[0001.33] Log: PhysX GPU Support: DISABLED
[0001.53] Log: Initializing FaceFX...
[0001.58] Log: FaceFX 1.7.4 initialized.
[0021.54] Log: Finished loading startup packages in 19.22 seconds
[0021.55] Log: 154396 objects as part of root set at end of initial load.
[0021.55] Log: Initializing Engine...
[0021.78] Log: UEngine initialized
[0022.89] Log: AK Audio Device initialized.
[0023.17] Log: Client initialized
[0026.12] Log: Initializing Steamworks
[0028.36] Log: Primary PhysX scene will be in software.
[0028.36] Log: Creating Primary PhysX Scene.
[0028.68] Log: Bringing World menumap.TheWorld up for play (0) at 2017.01.18-09.13.04
[0028.88] Log: Bringing up level for play took: 0.978900
[0028.96] Log: Game engine initialized
[0029.01] Log: Initializing Engine Completed
[0032.30] Log: >>>>>>>>>>>>>> Initial startup: 32.30s <<<<<<<<<<<<<<<
[0130.05] Log: Primary PhysX scene will be in software.
[0130.05] Log: Creating Primary PhysX Scene.
[0130.07] Log: Bringing World ExampleEntry.TheWorld up for play (0) at 2017.01.18-09.14.45
[0130.07] Log: Bringing up level for play took: 0.024987
[0130.23] Log: Primary PhysX scene will be in software.
[0130.23] Log: Creating Primary PhysX Scene.
[0130.26] Log: Bringing World Loader.TheWorld up for play (0) at 2017.01.18-09.14.45
[0130.27] Log: Bringing up level for play took: 0.048774
[0130.27] Log: Using cached profile data instead of reading
[0130.27] Log: Using cached profile data instead of reading
[0140.02] Log: Wrote profile (610 bytes) to disk.
[0845.29] Log: Wrote profile (610 bytes) to disk.
[0848.47] Log: Primary PhysX scene will be in software.
[0848.47] Log: Creating Primary PhysX Scene.
[1057.77] Log: Wrote profile (610 bytes) to disk.
[115