Log: Log file open, 01/03/17 00:58:46
Log: WinSock: version 1.1 (2.2), MaxSocks=32767, MaxUdp=65467
Log: Version: 8631
Log: Compiled (32-bit): Sep 25 2013 19:23:54
Log: Changelist: 770068
Log: Command line: 
Log: Base directory: F:\Borderlands2\Borderlands.2.GOTY.ALL.DLC.CHS.9.0.Green.Edition-ALI213\Borderlands.2.GOTY\Binaries\Win32\
[0005.96] Log: CPU Page size=4096, Processors=4
[0005.97] Log: High frequency timer resolution =2.338457 MHz
[0005.97] Log: Memory total: Physical=3.1GB Pagefile=6.1GB Virtual=2.0GB
[0005.97] Log: STEAMWORKS initialized 1
[0006.03] Log: Presizing for 0 objects not considered by GC, pre-allocating 0 bytes.
[0006.13] Log: Presizing GObjAvailable to 262144 slots (~1048576 bytes)
[0006.80] Log: Object subsystem initialized
[0006.96] Log:   Steamworks-provided language string: english
[0008.39] Log: OS stats:
[0008.39] Log: 	Windows 7 Service Pack 1
[0008.39] Log: 	RemoteDesktop=0
[0008.39] Log: Memory stats:
[0008.39] Log: 	Physical: 3141MB
[0008.39] Log: 	Virtual: 2047MB
[0008.39] Log: 	PageFile: 6280MB
[0008.39] Log: CPU stats:
[0008.39] Log: 	MeasuredPerformanceTime: 144.703 (stored result)
[0008.39] Log: 	Hyperthreaded: 1
[0008.39] Log: 	NumProcessorsPerCPU: 1
[0008.39] Log: 	NumLogicalProcessors: 4
[0008.39] Log: 	NumPhysicalProcessors: 8
[0008.39] Log: 	MaxSpeed: 2401
[0008.39] Log: 	CurrentSpeed: 792
[0008.39] Log: 	CoresPerProcessor: 8
[0008.39] Log: 	IsOnBattery: 0
[0008.39] Log: 	BatteryLevel: 97
[0008.39] Log: 	Manufacturer: Intel
[0008.39] Log: 	CPUName: INTEL Pentium-III
[0008.39] Log: 	L1CacheSize: -1
[0008.39] Log: 	L2CacheSize: -1
[0008.39] Log: 	Architecture: x86
[0008.39] Log: GPU stats:
[0008.39] Log: 	VendorID: 000010DE
[0008.39] Log: 	DeviceID: 00000DF4
[0008.39] Log: 	DriverVersion: 9.18.13.4448
[0008.39] Log: 	DeviceName: NVIDIA GeForce GT 540M             
[0008.39] Log: 	DriverName: nvumdshim.dll
[0008.39] Log: 	PixelShaderVersion: 3
[0008.39] Log: 	VertexShaderVersion: 3
[0008.39] Log: 	VRAMQuantity: 1024
[0008.39] Log: 	DedicatedVRAM: 977
[0008.39] Log: 	AdapterCount: 1
[0008.39] Log: 	SupportsHardwareTnL: 1
[0008.39] Log: 	IsLowMemoryXPMachine: 0
[0008.39] Log: Machine  detected compatibility level: Composite: 4. CPU: 5. GPU: 4.
[0008.39] Log: Previous detected compatibility level: Composite: 4. CPU: 5. GPU: 4.
[0008.61] Log: Shader platform (RHI): PC-D3D-SM3
[0012.04] Log: PhysX GPU Support: DISABLED
[0012.20] Log: Initializing FaceFX...
[0012.23] Log: FaceFX 1.7.4 initialized.
[0030.52] Log: Finished loading startup packages in 17.60 seconds
[0030.54] Log: 154396 objects as part of root set at end of initial load.
[0030.54] Log: Initializing Engine...
[0030.68] Log: UEngine initialized
[0031.68] Log: AK Audio Device initialized.
[0031.78] Log: Client initialized
[0034.90] Log: Initializing Steamworks
[0036.87] Log: Primary PhysX scene will be in software.
[0036.87] Log: Creating Primary PhysX Scene.
[0037.07] Log: Bringing World menumap.TheWorld up for play (0) at 2017.01.03-00.59.17
[0037.12] Log: Bringing up level for play took: 0.761392
[0037.22] Log: Game engine initialized
[0037.40] Log: Initializing Engine Completed
[0045.75] Log: >>>>>>>>>>>>>> Initial startup: 45.75s <<<<<<<<<<<<<<<
[0119.72] Log: Primary PhysX scene will be in software.
[0119.72] Log: Creating Primary PhysX Scene.
[0119.79] Log: Bringing World ExampleEntry.TheWorld up for play (0) at 2017.01.03-01.00.40
[0119.80] Log: Bringing up level for play took: 0.092081
[0120.06] Log: Primary PhysX scene will be in software.
[0120.06] Log: Creating Primary PhysX Scene.
[0120.08] Log: Bringing World Loader.TheWorld up for play (0) at 2017.01.03-01.00.40
[0120.09] Log: Bringing up level for play took: 0.031799
[0120.09] Log: Using cached profile data instead of reading
[0120.09] Log: Using cached profile data instead of reading
[0797.78] Log: Primary PhysX scene will be in software.
[0797.78] Log: Creating Primary PhysX Scene.
[0797.86] Log: Bringing World menumap.TheWorld up for play (0) at 2017.01.03-01.11.58
[0797.94]