Log: Log file open, 01/10/17 18:08:06
Log: WinSock: version 1.1 (2.2), MaxSocks=32767, MaxUdp=65467
Log: Version: 8631
Log: Compiled (32-bit): Sep 25 2013 19:23:54
Log: Changelist: 770068
Log: Command line: 
Log: Base directory: I:\1P\8\Borderlands.2.GOTY\Binaries\Win32\
[0003.99] Log: CPU Page size=4096, Processors=4
[0004.00] Log: High frequency timer resolution =2.338476 MHz
[0004.00] Log: Memory total: Physical=3.1GB Pagefile=6.1GB Virtual=2.0GB
[0004.00] Log: STEAMWORKS initialized 1
[0004.02] Log: Presizing for 0 objects not considered by GC, pre-allocating 0 bytes.
[0004.05] Log: Presizing GObjAvailable to 262144 slots (~1048576 bytes)
[0004.43] Log: Object subsystem initialized
[0004.49] Log:   Steamworks-provided language string: english
[0005.29] Log: OS stats:
[0005.29] Log: 	Windows 7 Service Pack 1
[0005.29] Log: 	RemoteDesktop=0
[0005.29] Log: Memory stats:
[0005.29] Log: 	Physical: 3141MB
[0005.29] Log: 	Virtual: 2047MB
[0005.29] Log: 	PageFile: 6280MB
[0005.29] Log: CPU stats:
[0005.29] Log: 	MeasuredPerformanceTime: 144.703 (stored result)
[0005.29] Log: 	Hyperthreaded: 1
[0005.29] Log: 	NumProcessorsPerCPU: 1
[0005.29] Log: 	NumLogicalProcessors: 4
[0005.29] Log: 	NumPhysicalProcessors: 8
[0005.29] Log: 	MaxSpeed: 2401
[0005.29] Log: 	CurrentSpeed: 792
[0005.29] Log: 	CoresPerProcessor: 8
[0005.29] Log: 	IsOnBattery: 0
[0005.29] Log: 	BatteryLevel: 97
[0005.29] Log: 	Manufacturer: Intel
[0005.29] Log: 	CPUName: INTEL Pentium-III
[0005.29] Log: 	L1CacheSize: -1
[0005.29] Log: 	L2CacheSize: -1
[0005.29] Log: 	Architecture: x86
[0005.29] Log: GPU stats:
[0005.29] Log: 	VendorID: 000010DE
[0005.29] Log: 	DeviceID: 00000DF4
[0005.29] Log: 	DriverVersion: 9.18.13.4448
[0005.29] Log: 	DeviceName: NVIDIA GeForce GT 540M             
[0005.29] Log: 	DriverName: nvumdshim.dll
[0005.29] Log: 	PixelShaderVersion: 3
[0005.29] Log: 	VertexShaderVersion: 3
[0005.29] Log: 	VRAMQuantity: 1024
[0005.29] Log: 	DedicatedVRAM: 977
[0005.29] Log: 	AdapterCount: 1
[0005.29] Log: 	SupportsHardwareTnL: 1
[0005.29] Log: 	IsLowMemoryXPMachine: 0
[0005.29] Log: Machine  detected compatibility level: Composite: 4. CPU: 5. GPU: 4.
[0005.29] Log: Previous detected compatibility level: Composite: 4. CPU: 5. GPU: 4.
[0005.36] Log: Shader platform (RHI): PC-D3D-SM3
[0007.63] Log: PhysX GPU Support: DISABLED
[0007.84] Log: Initializing FaceFX...
[0007.87] Log: FaceFX 1.7.4 initialized.
[0027.04] Log: Finished loading startup packages in 18.54 seconds
[0027.06] Log: 154396 objects as part of root set at end of initial load.
[0027.06] Log: Initializing Engine...
[0027.19] Log: UEngine initialized
[0028.28] Log: AK Audio Device initialized.
[0028.39] Log: Client initialized
[0030.59] Log: Initializing Steamworks
[0032.15] Log: Primary PhysX scene will be in software.
[0032.15] Log: Creating Primary PhysX Scene.
[0032.37] Log: Bringing World menumap.TheWorld up for play (0) at 2017.01.10-18.08.35
[0032.45] Log: Bringing up level for play took: 0.562293
[0032.54] Log: Game engine initialized
[0032.59] Log: Initializing Engine Completed
[0034.41] Log: >>>>>>>>>>>>>> Initial startup: 34.41s <<<<<<<<<<<<<<<
[0087.33] Log: Primary PhysX scene will be in software.
[0087.33] Log: Creating Primary PhysX Scene.
[0087.35] Log: Bringing World ExampleEntry.TheWorld up for play (0) at 2017.01.10-18.09.29
[0087.35] Log: Bringing up level for play took: 0.025506
[0087.48] Log: Primary PhysX scene will be in software.
[0087.48] Log: Creating Primary PhysX Scene.
[0087.52] Log: Bringing World Loader.TheWorld up for play (0) at 2017.01.10-18.09.30
[0087.53] Log: Bringing up level for play took: 0.054267
[0087.53] Log: Using cached profile data instead of reading
[0087.53] Log: Using cached profile data instead of reading
[0105.04] Log: Primary PhysX scene will be in software.
[0105.04] Log: Creating Primary PhysX Scene.
[0448.92] Log: Primary PhysX scene will be in software.
[0448.92] Log: Creating Primary PhysX Scene.
[0764.14] Log: Primary PhysX scene will be in software.