Log: Log file open, 01/18/17 01:15:11
Log: WinSock: version 1.1 (2.2), MaxSocks=32767, MaxUdp=65467
Log: Version: 8631
Log: Compiled (32-bit): Sep 25 2013 19:23:54
Log: Changelist: 770068
Log: Command line: 
Log: Base directory: I:\1P\8\Borderlands.2.GOTY\Binaries\Win32\
[0003.68] Log: CPU Page size=4096, Processors=4
[0003.68] Log: High frequency timer resolution =2.338457 MHz
[0003.68] Log: Memory total: Physical=3.1GB Pagefile=6.1GB Virtual=2.0GB
[0003.68] Log: STEAMWORKS initialized 1
[0003.70] Log: Presizing for 0 objects not considered by GC, pre-allocating 0 bytes.
[0003.70] Log: Presizing GObjAvailable to 262144 slots (~1048576 bytes)
[0004.08] Log: Object subsystem initialized
[0004.14] Log:   Steamworks-provided language string: english
[0004.83] Log: OS stats:
[0004.83] Log: 	Windows 7 Service Pack 1
[0004.83] Log: 	RemoteDesktop=0
[0004.83] Log: Memory stats:
[0004.83] Log: 	Physical: 3141MB
[0004.83] Log: 	Virtual: 2047MB
[0004.83] Log: 	PageFile: 6280MB
[0004.83] Log: CPU stats:
[0004.83] Log: 	MeasuredPerformanceTime: 144.703 (stored result)
[0004.83] Log: 	Hyperthreaded: 1
[0004.83] Log: 	NumProcessorsPerCPU: 1
[0004.83] Log: 	NumLogicalProcessors: 4
[0004.83] Log: 	NumPhysicalProcessors: 8
[0004.83] Log: 	MaxSpeed: 2401
[0004.83] Log: 	CurrentSpeed: 2376
[0004.83] Log: 	CoresPerProcessor: 8
[0004.83] Log: 	IsOnBattery: 0
[0004.83] Log: 	BatteryLevel: 100
[0004.83] Log: 	Manufacturer: Intel
[0004.83] Log: 	CPUName: INTEL Pentium-III
[0004.83] Log: 	L1CacheSize: -1
[0004.83] Log: 	L2CacheSize: -1
[0004.83] Log: 	Architecture: x86
[0004.83] Log: GPU stats:
[0004.83] Log: 	VendorID: 000010DE
[0004.83] Log: 	DeviceID: 00000DF4
[0004.83] Log: 	DriverVersion: 9.18.13.4448
[0004.83] Log: 	DeviceName: NVIDIA GeForce GT 540M             
[0004.83] Log: 	DriverName: nvumdshim.dll
[0004.83] Log: 	PixelShaderVersion: 3
[0004.83] Log: 	VertexShaderVersion: 3
[0004.83] Log: 	VRAMQuantity: 1024
[0004.83] Log: 	DedicatedVRAM: 977
[0004.83] Log: 	AdapterCount: 1
[0004.83] Log: 	SupportsHardwareTnL: 1
[0004.83] Log: 	IsLowMemoryXPMachine: 0
[0004.83] Log: Machine  detected compatibility level: Composite: 4. CPU: 5. GPU: 4.
[0004.83] Log: Previous detected compatibility level: Composite: 4. CPU: 5. GPU: 4.
[0004.88] Log: Shader platform (RHI): PC-D3D-SM3
[0006.90] Log: PhysX GPU Support: DISABLED
[0007.08] Log: Initializing FaceFX...
[0007.11] Log: FaceFX 1.7.4 initialized.
[0026.68] Log: Finished loading startup packages in 19.01 seconds
[0026.70] Log: 154396 objects as part of root set at end of initial load.
[0026.70] Log: Initializing Engine...
[0026.87] Log: UEngine initialized
[0027.82] Log: AK Audio Device initialized.
[0027.92] Log: Client initialized
[0030.38] Log: Initializing Steamworks
[0032.15] Log: Primary PhysX scene will be in software.
[0032.15] Log: Creating Primary PhysX Scene.
[0032.36] Log: Bringing World menumap.TheWorld up for play (0) at 2017.01.18-01.15.40
[0032.44] Log: Bringing up level for play took: 0.685438
[0032.53] Log: Game engine initialized
[0032.58] Log: Initializing Engine Completed
[0034.05] Log: >>>>>>>>>>>>>> Initial startup: 34.05s <<<<<<<<<<<<<<<
[0084.96] Log: Primary PhysX scene will be in software.
[0084.96] Log: Creating Primary PhysX Scene.
[0085.01] Log: Bringing World ExampleEntry.TheWorld up for play (0) at 2017.01.18-01.16.32
[0085.02] Log: Bringing up level for play took: 0.068230
[0085.47] Log: Primary PhysX scene will be in software.
[0085.47] Log: Creating Primary PhysX Scene.
[0085.60] Log: Bringing World Loader.TheWorld up for play (0) at 2017.01.18-01.16.33
[0085.63] Log: Bringing up level for play took: 0.183967
[0085.64] Log: Using cached profile data instead of reading
[0085.64] Log: Using cached profile data instead of reading
[0382.59] Log: Wrote profile (606 bytes) to disk.
[0408.19] Log: Primary PhysX scene will be in software.
[0408.19] Log: Creating Primary PhysX Scene.
[0486.47] Log: Wrote profile (607 bytes) to disk.
[0492.32] Log: Primary PhysX scene will be in software.