Log: Log file open, 01/05/17 19:27:31
Log: WinSock: version 1.1 (2.2), MaxSocks=32767, MaxUdp=65467
Log: Version: 8631
Log: Compiled (32-bit): Sep 25 2013 19:23:54
Log: Changelist: 770068
Log: Command line: 
Log: Base directory: I:\1P\8\Borderlands.2.GOTY\Binaries\Win32\
[0001.13] Log: CPU Page size=4096, Processors=4
[0001.13] Log: High frequency timer resolution =2.338486 MHz
[0001.13] Log: Memory total: Physical=3.1GB Pagefile=6.1GB Virtual=2.0GB
[0001.13] Log: STEAMWORKS initialized 1
[0001.14] Log: Presizing for 0 objects not considered by GC, pre-allocating 0 bytes.
[0001.14] Log: Presizing GObjAvailable to 262144 slots (~1048576 bytes)
[0001.14] Log: Object subsystem initialized
[0001.14] Log:   Steamworks-provided language string: english
[0003.22] Log: OS stats:
[0003.22] Log: 	Windows 7 Service Pack 1
[0003.22] Log: 	RemoteDesktop=0
[0003.22] Log: Memory stats:
[0003.22] Log: 	Physical: 3141MB
[0003.22] Log: 	Virtual: 2047MB
[0003.22] Log: 	PageFile: 6280MB
[0003.22] Log: CPU stats:
[0003.22] Log: 	MeasuredPerformanceTime: 144.703 (stored result)
[0003.22] Log: 	Hyperthreaded: 1
[0003.22] Log: 	NumProcessorsPerCPU: 1
[0003.22] Log: 	NumLogicalProcessors: 4
[0003.22] Log: 	NumPhysicalProcessors: 8
[0003.22] Log: 	MaxSpeed: 2401
[0003.22] Log: 	CurrentSpeed: 1176
[0003.22] Log: 	CoresPerProcessor: 8
[0003.22] Log: 	IsOnBattery: 0
[0003.22] Log: 	BatteryLevel: 100
[0003.22] Log: 	Manufacturer: Intel
[0003.22] Log: 	CPUName: INTEL Pentium-III
[0003.22] Log: 	L1CacheSize: -1
[0003.22] Log: 	L2CacheSize: -1
[0003.22] Log: 	Architecture: x86
[0003.22] Log: GPU stats:
[0003.22] Log: 	VendorID: 000010DE
[0003.22] Log: 	DeviceID: 00000DF4
[0003.22] Log: 	DriverVersion: 9.18.13.4448
[0003.22] Log: 	DeviceName: NVIDIA GeForce GT 540M             
[0003.22] Log: 	DriverName: nvumdshim.dll
[0003.22] Log: 	PixelShaderVersion: 3
[0003.22] Log: 	VertexShaderVersion: 3
[0003.22] Log: 	VRAMQuantity: 1024
[0003.22] Log: 	DedicatedVRAM: 977
[0003.22] Log: 	AdapterCount: 1
[0003.22] Log: 	SupportsHardwareTnL: 1
[0003.22] Log: 	IsLowMemoryXPMachine: 0
[0003.27] Log: Machine  detected compatibility level: Composite: 4. CPU: 5. GPU: 4.
[0003.27] Log: Previous detected compatibility level: Composite: 4. CPU: 5. GPU: 4.
[0003.56] Log: Shader platform (RHI): PC-D3D-SM3
[0004.29] Log: PhysX GPU Support: DISABLED
[0004.52] Log: Initializing FaceFX...
[0004.52] Log: FaceFX 1.7.4 initialized.
[0023.27] Log: Finished loading startup packages in 18.16 seconds
[0023.28] Log: 154396 objects as part of root set at end of initial load.
[0023.28] Log: Initializing Engine...
[0023.33] Log: UEngine initialized
[0024.29] Log: AK Audio Device initialized.
[0025.10] Log: Client initialized
[0030.20] Log: Initializing Steamworks
[0031.88] Log: Primary PhysX scene will be in software.
[0031.88] Log: Creating Primary PhysX Scene.
[0032.15] Log: Bringing World menumap.TheWorld up for play (0) at 2017.01.05-19.28.02
[0032.23] Log: Bringing up level for play took: 0.753332
[0032.26] Log: First time reading profile.
[0032.27] Log: Wrote profile (352 bytes) to disk.
[0032.27] Log: TUPC: nd
[0032.28] Log: Game engine initialized
[0032.34] Log: Initializing Engine Completed
[0048.99] Log: >>>>>>>>>>>>>> Initial startup: 48.99s <<<<<<<<<<<<<<<
[0187.41] Log: Wrote profile (357 bytes) to disk.
[0228.19] Log: Primary PhysX scene will be in software.
[0228.19] Log: Creating Primary PhysX Scene.
[0228.25] Log: Bringing World ExampleEntry.TheWorld up for play (0) at 2017.01.05-19.31.18
[0228.26] Log: Bringing up level for play took: 0.084750
[0228.70] Log: Primary PhysX scene will be in software.
[0228.70] Log: Creating Primary PhysX Scene.
[0228.83] Log: Bringing World Loader.TheWorld up for play (0) at 2017.01.05-19.31.18
[0228.86] Log: Bringing up level for play took: 0.175562
[0228.86] Log: Using cached profile data instead of reading
[0228.86] Log: Using cached profile data instead of reading
[0843.09] Log: Wrote profile (393 bytes) to disk.
[0869.10] Log: Primary PhysX scene wil