Log: Log file open, 01/10/17 15:04:20
Log: WinSock: version 1.1 (2.2), MaxSocks=32767, MaxUdp=65467
Log: Version: 8631
Log: Compiled (32-bit): Sep 25 2013 19:23:54
Log: Changelist: 770068
Log: Command line: 
Log: Base directory: I:\1P\8\Borderlands.2.GOTY\Binaries\Win32\
[0004.29] Log: CPU Page size=4096, Processors=4
[0004.30] Log: High frequency timer resolution =2.338476 MHz
[0004.30] Log: Memory total: Physical=3.1GB Pagefile=6.1GB Virtual=2.0GB
[0004.30] Log: STEAMWORKS initialized 1
[0004.32] Log: Presizing for 0 objects not considered by GC, pre-allocating 0 bytes.
[0004.35] Log: Presizing GObjAvailable to 262144 slots (~1048576 bytes)
[0004.78] Log: Object subsystem initialized
[0004.84] Log:   Steamworks-provided language string: english
[0006.76] Log: OS stats:
[0006.76] Log: 	Windows 7 Service Pack 1
[0006.76] Log: 	RemoteDesktop=0
[0006.76] Log: Memory stats:
[0006.76] Log: 	Physical: 3141MB
[0006.76] Log: 	Virtual: 2047MB
[0006.76] Log: 	PageFile: 6280MB
[0006.76] Log: CPU stats:
[0006.76] Log: 	MeasuredPerformanceTime: 144.703 (stored result)
[0006.76] Log: 	Hyperthreaded: 1
[0006.76] Log: 	NumProcessorsPerCPU: 1
[0006.76] Log: 	NumLogicalProcessors: 4
[0006.76] Log: 	NumPhysicalProcessors: 8
[0006.76] Log: 	MaxSpeed: 2401
[0006.76] Log: 	CurrentSpeed: 792
[0006.76] Log: 	CoresPerProcessor: 8
[0006.76] Log: 	IsOnBattery: 0
[0006.76] Log: 	BatteryLevel: 97
[0006.76] Log: 	Manufacturer: Intel
[0006.76] Log: 	CPUName: INTEL Pentium-III
[0006.76] Log: 	L1CacheSize: -1
[0006.76] Log: 	L2CacheSize: -1
[0006.76] Log: 	Architecture: x86
[0006.76] Log: GPU stats:
[0006.76] Log: 	VendorID: 000010DE
[0006.76] Log: 	DeviceID: 00000DF4
[0006.76] Log: 	DriverVersion: 9.18.13.4448
[0006.76] Log: 	DeviceName: NVIDIA GeForce GT 540M             
[0006.76] Log: 	DriverName: nvumdshim.dll
[0006.76] Log: 	PixelShaderVersion: 3
[0006.76] Log: 	VertexShaderVersion: 3
[0006.76] Log: 	VRAMQuantity: 1024
[0006.76] Log: 	DedicatedVRAM: 977
[0006.76] Log: 	AdapterCount: 1
[0006.76] Log: 	SupportsHardwareTnL: 1
[0006.76] Log: 	IsLowMemoryXPMachine: 0
[0006.79] Log: Machine  detected compatibility level: Composite: 4. CPU: 5. GPU: 4.
[0006.79] Log: Previous detected compatibility level: Composite: 4. CPU: 5. GPU: 4.
[0006.98] Log: Shader platform (RHI): PC-D3D-SM3
[0009.25] Log: PhysX GPU Support: DISABLED
[0009.44] Log: Initializing FaceFX...
[0009.46] Log: FaceFX 1.7.4 initialized.
[0028.06] Log: Finished loading startup packages in 18.01 seconds
[0028.07] Log: 154396 objects as part of root set at end of initial load.
[0028.07] Log: Initializing Engine...
[0028.35] Log: UEngine initialized
[0029.50] Log: AK Audio Device initialized.
[0029.69] Log: Client initialized
[0032.38] Log: Initializing Steamworks
[0034.19] Log: Primary PhysX scene will be in software.
[0034.19] Log: Creating Primary PhysX Scene.
[0034.40] Log: Bringing World menumap.TheWorld up for play (0) at 2017.01.10-15.04.50
[0034.47] Log: Bringing up level for play took: 0.676927
[0034.58] Log: Game engine initialized
[0034.64] Log: Initializing Engine Completed
[0036.35] Log: >>>>>>>>>>>>>> Initial startup: 36.35s <<<<<<<<<<<<<<<
[0091.16] Log: Primary PhysX scene will be in software.
[0091.16] Log: Creating Primary PhysX Scene.
[0091.18] Log: Bringing World ExampleEntry.TheWorld up for play (0) at 2017.01.10-15.05.47
[0091.18] Log: Bringing up level for play took: 0.025592
[0091.31] Log: Primary PhysX scene will be in software.
[0091.31] Log: Creating Primary PhysX Scene.
[0091.35] Log: Bringing World Loader.TheWorld up for play (0) at 2017.01.10-15.05.47
[0091.36] Log: Bringing up level for play took: 0.054507
[0091.36] Log: Using cached profile data instead of reading
[0091.36] Log: Using cached profile data instead of reading
[0664.27] Log: Primary PhysX scene will be in software.
[0664.27] Log: Creating Primary PhysX Scene.
[1780.79] Log: Wrote profile (588 bytes) to disk.
[2581.15] Log: Wrote profile (588 bytes) to disk.
[2641.51] Log: Wrote profile (588 bytes) to disk.
[3480.