Log: Log file open, 01/08/17 23:05:18
Log: WinSock: version 1.1 (2.2), MaxSocks=32767, MaxUdp=65467
Log: Version: 8631
Log: Compiled (32-bit): Sep 25 2013 19:23:54
Log: Changelist: 770068
Log: Command line: 
Log: Base directory: I:\1P\8\Borderlands.2.GOTY\Binaries\Win32\
[0004.09] Log: CPU Page size=4096, Processors=4
[0004.10] Log: High frequency timer resolution =2.338486 MHz
[0004.10] Log: Memory total: Physical=3.1GB Pagefile=6.1GB Virtual=2.0GB
[0004.10] Log: STEAMWORKS initialized 1
[0004.11] Log: Presizing for 0 objects not considered by GC, pre-allocating 0 bytes.
[0004.14] Log: Presizing GObjAvailable to 262144 slots (~1048576 bytes)
[0004.55] Log: Object subsystem initialized
[0004.62] Log:   Steamworks-provided language string: english
[0006.01] Log: OS stats:
[0006.01] Log: 	Windows 7 Service Pack 1
[0006.01] Log: 	RemoteDesktop=0
[0006.01] Log: Memory stats:
[0006.01] Log: 	Physical: 3141MB
[0006.01] Log: 	Virtual: 2047MB
[0006.01] Log: 	PageFile: 6280MB
[0006.01] Log: CPU stats:
[0006.01] Log: 	MeasuredPerformanceTime: 144.703 (stored result)
[0006.01] Log: 	Hyperthreaded: 1
[0006.01] Log: 	NumProcessorsPerCPU: 1
[0006.01] Log: 	NumLogicalProcessors: 4
[0006.01] Log: 	NumPhysicalProcessors: 8
[0006.01] Log: 	MaxSpeed: 2401
[0006.01] Log: 	CurrentSpeed: 792
[0006.01] Log: 	CoresPerProcessor: 8
[0006.01] Log: 	IsOnBattery: 0
[0006.01] Log: 	BatteryLevel: 100
[0006.01] Log: 	Manufacturer: Intel
[0006.01] Log: 	CPUName: INTEL Pentium-III
[0006.01] Log: 	L1CacheSize: -1
[0006.01] Log: 	L2CacheSize: -1
[0006.01] Log: 	Architecture: x86
[0006.01] Log: GPU stats:
[0006.01] Log: 	VendorID: 000010DE
[0006.01] Log: 	DeviceID: 00000DF4
[0006.01] Log: 	DriverVersion: 9.18.13.4448
[0006.01] Log: 	DeviceName: NVIDIA GeForce GT 540M             
[0006.01] Log: 	DriverName: nvumdshim.dll
[0006.01] Log: 	PixelShaderVersion: 3
[0006.01] Log: 	VertexShaderVersion: 3
[0006.01] Log: 	VRAMQuantity: 1024
[0006.01] Log: 	DedicatedVRAM: 977
[0006.01] Log: 	AdapterCount: 1
[0006.01] Log: 	SupportsHardwareTnL: 1
[0006.01] Log: 	IsLowMemoryXPMachine: 0
[0006.01] Log: Machine  detected compatibility level: Composite: 4. CPU: 5. GPU: 4.
[0006.01] Log: Previous detected compatibility level: Composite: 4. CPU: 5. GPU: 4.
[0006.10] Log: Shader platform (RHI): PC-D3D-SM3
[0008.40] Log: PhysX GPU Support: DISABLED
[0008.62] Log: Initializing FaceFX...
[0008.65] Log: FaceFX 1.7.4 initialized.
[0027.08] Log: Finished loading startup packages in 17.84 seconds
[0027.10] Log: 154396 objects as part of root set at end of initial load.
[0027.10] Log: Initializing Engine...
[0027.29] Log: UEngine initialized
[0028.35] Log: AK Audio Device initialized.
[0028.57] Log: Client initialized
[0031.12] Log: Initializing Steamworks
[0032.82] Log: Primary PhysX scene will be in software.
[0032.82] Log: Creating Primary PhysX Scene.
[0033.04] Log: Bringing World menumap.TheWorld up for play (0) at 2017.01.08-23.05.47
[0033.12] Log: Bringing up level for play took: 0.639640
[0033.18] Log: Game engine initialized
[0033.24] Log: Initializing Engine Completed
[0035.14] Log: >>>>>>>>>>>>>> Initial startup: 35.14s <<<<<<<<<<<<<<<
[0091.55] Log: Primary PhysX scene will be in software.
[0091.55] Log: Creating Primary PhysX Scene.
[0091.57] Log: Bringing World ExampleEntry.TheWorld up for play (0) at 2017.01.08-23.06.46
[0091.57] Log: Bringing up level for play took: 0.026761
[0091.70] Log: Primary PhysX scene will be in software.
[0091.70] Log: Creating Primary PhysX Scene.
[0091.73] Log: Bringing World Loader.TheWorld up for play (0) at 2017.01.08-23.06.46
[0091.74] Log: Bringing up level for play took: 0.043500
[0091.74] Log: Using cached profile data instead of reading
[0091.74] Log: Using cached profile data instead of reading
[0532.74] Log: Wrote profile (505 bytes) to disk.
[1110.93] Log: Wrote profile (505 bytes) to disk.
[1122.51] Log: Primary PhysX scene will be in software.
[1122.51] Log: Creating Primary PhysX Scene.
[2269.23] Log: Wrote profile (505 bytes) to disk.
[2529