Log: Log file open, 01/16/17 13:33:44
Log: WinSock: version 1.1 (2.2), MaxSocks=32767, MaxUdp=65467
Log: Version: 8631
Log: Compiled (32-bit): Sep 25 2013 19:23:54
Log: Changelist: 770068
Log: Command line: 
Log: Base directory: I:\1P\8\Borderlands.2.GOTY\Binaries\Win32\
[0004.21] Log: CPU Page size=4096, Processors=4
[0004.21] Log: High frequency timer resolution =2.338496 MHz
[0004.22] Log: Memory total: Physical=3.1GB Pagefile=6.1GB Virtual=2.0GB
[0004.22] Log: STEAMWORKS initialized 1
[0004.24] Log: Presizing for 0 objects not considered by GC, pre-allocating 0 bytes.
[0004.27] Log: Presizing GObjAvailable to 262144 slots (~1048576 bytes)
[0004.67] Log: Object subsystem initialized
[0004.72] Log:   Steamworks-provided language string: english
[0006.96] Log: OS stats:
[0006.96] Log: 	Windows 7 Service Pack 1
[0006.96] Log: 	RemoteDesktop=0
[0006.96] Log: Memory stats:
[0006.96] Log: 	Physical: 3141MB
[0006.96] Log: 	Virtual: 2047MB
[0006.96] Log: 	PageFile: 6280MB
[0006.96] Log: CPU stats:
[0006.96] Log: 	MeasuredPerformanceTime: 144.703 (stored result)
[0006.96] Log: 	Hyperthreaded: 1
[0006.96] Log: 	NumProcessorsPerCPU: 1
[0006.96] Log: 	NumLogicalProcessors: 4
[0006.96] Log: 	NumPhysicalProcessors: 8
[0006.96] Log: 	MaxSpeed: 2401
[0006.96] Log: 	CurrentSpeed: 792
[0006.96] Log: 	CoresPerProcessor: 8
[0006.96] Log: 	IsOnBattery: 0
[0006.96] Log: 	BatteryLevel: 96
[0006.96] Log: 	Manufacturer: Intel
[0006.96] Log: 	CPUName: INTEL Pentium-III
[0006.96] Log: 	L1CacheSize: -1
[0006.96] Log: 	L2CacheSize: -1
[0006.96] Log: 	Architecture: x86
[0006.96] Log: GPU stats:
[0006.96] Log: 	VendorID: 000010DE
[0006.96] Log: 	DeviceID: 00000DF4
[0006.96] Log: 	DriverVersion: 9.18.13.4448
[0006.96] Log: 	DeviceName: NVIDIA GeForce GT 540M             
[0006.96] Log: 	DriverName: nvumdshim.dll
[0006.96] Log: 	PixelShaderVersion: 3
[0006.96] Log: 	VertexShaderVersion: 3
[0006.96] Log: 	VRAMQuantity: 1024
[0006.96] Log: 	DedicatedVRAM: 977
[0006.96] Log: 	AdapterCount: 1
[0006.96] Log: 	SupportsHardwareTnL: 1
[0006.96] Log: 	IsLowMemoryXPMachine: 0
[0006.98] Log: Machine  detected compatibility level: Composite: 4. CPU: 5. GPU: 4.
[0006.98] Log: Previous detected compatibility level: Composite: 4. CPU: 5. GPU: 4.
[0007.15] Log: Shader platform (RHI): PC-D3D-SM3
[0009.45] Log: PhysX GPU Support: DISABLED
[0009.68] Log: Initializing FaceFX...
[0009.70] Log: FaceFX 1.7.4 initialized.
[0028.47] Log: Finished loading startup packages in 17.94 seconds
[0028.49] Log: 154396 objects as part of root set at end of initial load.
[0028.49] Log: Initializing Engine...
[0028.68] Log: UEngine initialized
[0029.87] Log: AK Audio Device initialized.
[0030.27] Log: Client initialized
[0035.67] Log: Initializing Steamworks
[0037.86] Log: Primary PhysX scene will be in software.
[0037.86] Log: Creating Primary PhysX Scene.
[0038.09] Log: Bringing World menumap.TheWorld up for play (0) at 2017.01.16-13.34.18
[0038.17] Log: Bringing up level for play took: 0.726335
[0038.25] Log: Game engine initialized
[0038.31] Log: Initializing Engine Completed
[0039.74] Log: >>>>>>>>>>>>>> Initial startup: 39.74s <<<<<<<<<<<<<<<
[0127.79] Log: Primary PhysX scene will be in software.
[0127.79] Log: Creating Primary PhysX Scene.
[0127.80] Log: Bringing World ExampleEntry.TheWorld up for play (0) at 2017.01.16-13.35.48
[0127.80] Log: Bringing up level for play took: 0.025977
[0127.96] Log: Primary PhysX scene will be in software.
[0127.96] Log: Creating Primary PhysX Scene.
[0128.03] Log: Bringing World Loader.TheWorld up for play (0) at 2017.01.16-13.35.48
[0128.04] Log: Bringing up level for play took: 0.083549
[0128.04] Log: Using cached profile data instead of reading
[0128.04] Log: Using cached profile data instead of reading
[0171.38] Log: Primary PhysX scene will be in software.
[0171.38] Log: Creating Primary PhysX Scene.
[0879.65] Log: Wrote profile (592 bytes) to disk.
[1945.19] Log: Wrote profile (592 bytes) to disk.
[2568.77] Log: Primary PhysX scene will be in software.
