Log: Log file open, 01/03/17 17:37:42
Log: WinSock: version 1.1 (2.2), MaxSocks=32767, MaxUdp=65467
Log: Version: 8631
Log: Compiled (32-bit): Sep 25 2013 19:23:54
Log: Changelist: 770068
Log: Command line: 
Log: Base directory: F:\Borderlands2\Borderlands.2.GOTY.ALL.DLC.CHS.9.0.Green.Edition-ALI213\Borderlands.2.GOTY\Binaries\Win32\
[0000.38] Log: CPU Page size=4096, Processors=4
[0000.38] Log: High frequency timer resolution =2.338476 MHz
[0000.38] Log: Memory total: Physical=3.1GB Pagefile=6.1GB Virtual=2.0GB
[0000.38] Log: STEAMWORKS initialized 1
[0000.39] Log: Presizing for 0 objects not considered by GC, pre-allocating 0 bytes.
[0000.39] Log: Presizing GObjAvailable to 262144 slots (~1048576 bytes)
[0000.39] Log: Object subsystem initialized
[0000.39] Log:   Steamworks-provided language string: english
[0002.31] Log: OS stats:
[0002.31] Log: 	Windows 7 Service Pack 1
[0002.31] Log: 	RemoteDesktop=0
[0002.31] Log: Memory stats:
[0002.31] Log: 	Physical: 3141MB
[0002.31] Log: 	Virtual: 2047MB
[0002.31] Log: 	PageFile: 6280MB
[0002.31] Log: CPU stats:
[0002.32] Log: 	MeasuredPerformanceTime: 144.703 (stored result)
[0002.32] Log: 	Hyperthreaded: 1
[0002.32] Log: 	NumProcessorsPerCPU: 1
[0002.32] Log: 	NumLogicalProcessors: 4
[0002.32] Log: 	NumPhysicalProcessors: 8
[0002.32] Log: 	MaxSpeed: 2401
[0002.32] Log: 	CurrentSpeed: 1392
[0002.32] Log: 	CoresPerProcessor: 8
[0002.32] Log: 	IsOnBattery: 0
[0002.32] Log: 	BatteryLevel: 96
[0002.32] Log: 	Manufacturer: Intel
[0002.32] Log: 	CPUName: INTEL Pentium-III
[0002.32] Log: 	L1CacheSize: -1
[0002.32] Log: 	L2CacheSize: -1
[0002.32] Log: 	Architecture: x86
[0002.32] Log: GPU stats:
[0002.32] Log: 	VendorID: 000010DE
[0002.32] Log: 	DeviceID: 00000DF4
[0002.32] Log: 	DriverVersion: 9.18.13.4448
[0002.32] Log: 	DeviceName: NVIDIA GeForce GT 540M             
[0002.32] Log: 	DriverName: nvumdshim.dll
[0002.32] Log: 	PixelShaderVersion: 3
[0002.32] Log: 	VertexShaderVersion: 3
[0002.32] Log: 	VRAMQuantity: 1024
[0002.32] Log: 	DedicatedVRAM: 977
[0002.32] Log: 	AdapterCount: 1
[0002.32] Log: 	SupportsHardwareTnL: 1
[0002.32] Log: 	IsLowMemoryXPMachine: 0
[0002.40] Log: Machine  detected compatibility level: Composite: 4. CPU: 5. GPU: 4.
[0002.40] Log: Previous detected compatibility level: Composite: 4. CPU: 5. GPU: 4.
[0002.86] Log: Shader platform (RHI): PC-D3D-SM3
[0011.34] Log: PhysX GPU Support: DISABLED
[0011.53] Log: Initializing FaceFX...
[0011.56] Log: FaceFX 1.7.4 initialized.
[0030.53] Log: Finished loading startup packages in 18.16 seconds
[0030.55] Log: 154396 objects as part of root set at end of initial load.
[0030.55] Log: Initializing Engine...
[0030.80] Log: UEngine initialized
[0031.75] Log: AK Audio Device initialized.
[0032.82] Log: Client initialized
[0037.34] Log: Initializing Steamworks
[0042.07] Log: Primary PhysX scene will be in software.
[0042.07] Log: Creating Primary PhysX Scene.
[0042.27] Log: Bringing World menumap.TheWorld up for play (0) at 2017.01.03-17.38.24
[0042.33] Log: Bringing up level for play took: 0.607069
[0042.46] Log: Game engine initialized
[0042.65] Log: Initializing Engine Completed
[0057.15] Log: >>>>>>>>>>>>>> Initial startup: 57.15s <<<<<<<<<<<<<<<
[0221.07] Log: Setting resolution to 1366 x 768. Fullscreen: 1, WindowedFullscreen: 0
[0230.00] Log: Int ResX set to 1366
[0230.00] Log: Int ResY set to 768
[0230.01] Log: Switch Fullscreen set to 1
[0233.76] Log: Wrote profile (376 bytes) to disk.
[0237.34] Log: Primary PhysX scene will be in software.
[0237.34] Log: Creating Primary PhysX Scene.
[0237.42] Log: Bringing World ExampleEntry.TheWorld up for play (0) at 2017.01.03-17.41.39
[0237.42] Log: Bringing up level for play took: 0.126767
[0238.21] Log: Primary PhysX scene will be in software.
[0238.21] Log: Creating Primary PhysX Scene.
[0238.38] Log: Bringing World Loader.TheWorld up for play (0) at 2017.01.03-17.41.40
[0238.42] Log: Bringing up level for play took: 0.227499
[0238.42] Log: Using cached profile data instead of reading
[0238