Log: Log file open, 01/20/17 17:38:30
Log: WinSock: version 1.1 (2.2), MaxSocks=32767, MaxUdp=65467
Log: Version: 8631
Log: Compiled (32-bit): Sep 25 2013 19:23:54
Log: Changelist: 770068
Log: Command line: 
Log: Base directory: E:\Borderlands.2.GOTY\Binaries\Win32\
[0000.46] Log: CPU Page size=4096, Processors=4
[0000.46] Log: High frequency timer resolution =2.338476 MHz
[0000.46] Log: Memory total: Physical=3.1GB Pagefile=6.1GB Virtual=2.0GB
[0000.46] Log: STEAMWORKS initialized 1
[0000.47] Log: Presizing for 0 objects not considered by GC, pre-allocating 0 bytes.
[0000.47] Log: Presizing GObjAvailable to 262144 slots (~1048576 bytes)
[0000.47] Log: Object subsystem initialized
[0000.47] Log:   Steamworks-provided language string: english
[0001.17] Log: OS stats:
[0001.17] Log: 	Windows 7 Service Pack 1
[0001.17] Log: 	RemoteDesktop=0
[0001.17] Log: Memory stats:
[0001.17] Log: 	Physical: 3141MB
[0001.17] Log: 	Virtual: 2047MB
[0001.17] Log: 	PageFile: 6280MB
[0001.17] Log: CPU stats:
[0001.17] Log: 	MeasuredPerformanceTime: 144.703 (stored result)
[0001.17] Log: 	Hyperthreaded: 1
[0001.17] Log: 	NumProcessorsPerCPU: 1
[0001.17] Log: 	NumLogicalProcessors: 4
[0001.17] Log: 	NumPhysicalProcessors: 8
[0001.17] Log: 	MaxSpeed: 2401
[0001.17] Log: 	CurrentSpeed: 2401
[0001.17] Log: 	CoresPerProcessor: 8
[0001.17] Log: 	IsOnBattery: 0
[0001.17] Log: 	BatteryLevel: 95
[0001.17] Log: 	Manufacturer: Intel
[0001.17] Log: 	CPUName: INTEL Pentium-III
[0001.17] Log: 	L1CacheSize: -1
[0001.17] Log: 	L2CacheSize: -1
[0001.17] Log: 	Architecture: x86
[0001.17] Log: GPU stats:
[0001.17] Log: 	VendorID: 000010DE
[0001.17] Log: 	DeviceID: 00000DF4
[0001.17] Log: 	DriverVersion: 9.18.13.4448
[0001.17] Log: 	DeviceName: NVIDIA GeForce GT 540M             
[0001.17] Log: 	DriverName: nvumdshim.dll
[0001.17] Log: 	PixelShaderVersion: 3
[0001.17] Log: 	VertexShaderVersion: 3
[0001.17] Log: 	VRAMQuantity: 1024
[0001.17] Log: 	DedicatedVRAM: 977
[0001.17] Log: 	AdapterCount: 1
[0001.17] Log: 	SupportsHardwareTnL: 1
[0001.17] Log: 	IsLowMemoryXPMachine: 0
[0001.17] Log: Machine  detected compatibility level: Composite: 4. CPU: 5. GPU: 4.
[0001.17] Log: Previous detected compatibility level: Composite: 4. CPU: 5. GPU: 4.
[0001.19] Log: Shader platform (RHI): PC-D3D-SM3
[0003.03] Log: PhysX GPU Support: DISABLED
[0003.22] Log: Initializing FaceFX...
[0003.22] Log: FaceFX 1.7.4 initialized.
[0021.64] Log: Finished loading startup packages in 17.78 seconds
[0021.67] Log: 154396 objects as part of root set at end of initial load.
[0021.67] Log: Initializing Engine...
[0021.72] Log: UEngine initialized
[0022.29] Log: AK Audio Device initialized.
[0022.40] Log: Client initialized
[0024.87] Log: Initializing Steamworks
[0026.31] Log: Primary PhysX scene will be in software.
[0026.31] Log: Creating Primary PhysX Scene.
[0026.55] Log: Bringing World menumap.TheWorld up for play (0) at 2017.01.20-17.38.56
[0026.60] Log: Bringing up level for play took: 0.646926
[0026.64] Log: First time reading profile.
[0026.64] Log: Wrote profile (352 bytes) to disk.
[0026.64] Log: TUPC: nd
[0026.66] Log: Game engine initialized
[0026.75] Log: Initializing Engine Completed
[0033.79] Log: >>>>>>>>>>>>>> Initial startup: 33.79s <<<<<<<<<<<<<<<
[0087.27] Log: Wrote profile (357 bytes) to disk.
[0097.61] Log: Primary PhysX scene will be in software.
[0097.61] Log: Creating Primary PhysX Scene.
[0097.68] Log: Bringing World ExampleEntry.TheWorld up for play (0) at 2017.01.20-17.40.08
[0097.69] Log: Bringing up level for play took: 0.096801
[0098.19] Log: Primary PhysX scene will be in software.
[0098.19] Log: Creating Primary PhysX Scene.
[0098.33] Log: Bringing World Loader.TheWorld up for play (0) at 2017.01.20-17.40.08
[0098.37] Log: Bringing up level for play took: 0.222656
[0098.37] Log: Using cached profile data instead of reading
[0098.38] Log: Using cached profile data instead of reading
[0676.88] Log: Wrote profile (393 bytes) to disk.
[0701.63] Log: Primary PhysX scene will be in