Log: Log file open, 01/13/17 17:35:47
Log: WinSock: version 1.1 (2.2), MaxSocks=32767, MaxUdp=65467
Log: Version: 8631
Log: Compiled (32-bit): Sep 25 2013 19:23:54
Log: Changelist: 770068
Log: Command line: 
Log: Base directory: I:\1P\8\Borderlands.2.GOTY\Binaries\Win32\
[0000.47] Log: CPU Page size=4096, Processors=4
[0000.47] Log: High frequency timer resolution =2.338466 MHz
[0000.47] Log: Memory total: Physical=3.1GB Pagefile=6.1GB Virtual=2.0GB
[0000.47] Log: STEAMWORKS initialized 1
[0000.48] Log: Presizing for 0 objects not considered by GC, pre-allocating 0 bytes.
[0000.48] Log: Presizing GObjAvailable to 262144 slots (~1048576 bytes)
[0000.48] Log: Object subsystem initialized
[0000.48] Log:   Steamworks-provided language string: english
[0001.06] Log: OS stats:
[0001.06] Log: 	Windows 7 Service Pack 1
[0001.06] Log: 	RemoteDesktop=0
[0001.06] Log: Memory stats:
[0001.06] Log: 	Physical: 3141MB
[0001.06] Log: 	Virtual: 2047MB
[0001.06] Log: 	PageFile: 6280MB
[0001.06] Log: CPU stats:
[0001.06] Log: 	MeasuredPerformanceTime: 144.703 (stored result)
[0001.06] Log: 	Hyperthreaded: 1
[0001.06] Log: 	NumProcessorsPerCPU: 1
[0001.06] Log: 	NumLogicalProcessors: 4
[0001.06] Log: 	NumPhysicalProcessors: 8
[0001.06] Log: 	MaxSpeed: 2401
[0001.06] Log: 	CurrentSpeed: 1584
[0001.06] Log: 	CoresPerProcessor: 8
[0001.06] Log: 	IsOnBattery: 0
[0001.06] Log: 	BatteryLevel: 100
[0001.06] Log: 	Manufacturer: Intel
[0001.06] Log: 	CPUName: INTEL Pentium-III
[0001.06] Log: 	L1CacheSize: -1
[0001.06] Log: 	L2CacheSize: -1
[0001.06] Log: 	Architecture: x86
[0001.06] Log: GPU stats:
[0001.06] Log: 	VendorID: 000010DE
[0001.06] Log: 	DeviceID: 00000DF4
[0001.06] Log: 	DriverVersion: 9.18.13.4448
[0001.06] Log: 	DeviceName: NVIDIA GeForce GT 540M             
[0001.06] Log: 	DriverName: nvumdshim.dll
[0001.06] Log: 	PixelShaderVersion: 3
[0001.06] Log: 	VertexShaderVersion: 3
[0001.06] Log: 	VRAMQuantity: 1024
[0001.06] Log: 	DedicatedVRAM: 977
[0001.06] Log: 	AdapterCount: 1
[0001.06] Log: 	SupportsHardwareTnL: 1
[0001.06] Log: 	IsLowMemoryXPMachine: 0
[0001.06] Log: Machine  detected compatibility level: Composite: 4. CPU: 5. GPU: 4.
[0001.06] Log: Previous detected compatibility level: Composite: 4. CPU: 5. GPU: 4.
[0001.11] Log: Shader platform (RHI): PC-D3D-SM3
[0005.39] Log: PhysX GPU Support: DISABLED
[0005.60] Log: Initializing FaceFX...
[0005.66] Log: FaceFX 1.7.4 initialized.
[0024.74] Log: Finished loading startup packages in 18.20 seconds
[0024.76] Log: 154396 objects as part of root set at end of initial load.
[0024.76] Log: Initializing Engine...
[0024.98] Log: UEngine initialized
[0026.16] Log: AK Audio Device initialized.
[0026.69] Log: Client initialized
[0032.95] Log: Initializing Steamworks
[0035.30] Log: Primary PhysX scene will be in software.
[0035.30] Log: Creating Primary PhysX Scene.
[0035.53] Log: Bringing World menumap.TheWorld up for play (0) at 2017.01.13-17.36.22
[0035.61] Log: Bringing up level for play took: 0.683308
[0035.78] Log: Game engine initialized
[0035.83] Log: Initializing Engine Completed
[0037.30] Log: >>>>>>>>>>>>>> Initial startup: 37.30s <<<<<<<<<<<<<<<
[0086.47] Log: Primary PhysX scene will be in software.
[0086.47] Log: Creating Primary PhysX Scene.
[0086.49] Log: Bringing World ExampleEntry.TheWorld up for play (0) at 2017.01.13-17.37.13
[0086.49] Log: Bringing up level for play took: 0.025811
[0086.63] Log: Primary PhysX scene will be in software.
[0086.63] Log: Creating Primary PhysX Scene.
[0086.66] Log: Bringing World Loader.TheWorld up for play (0) at 2017.01.13-17.37.13
[0086.67] Log: Bringing up level for play took: 0.046439
[0086.67] Log: Using cached profile data instead of reading
[0086.68] Log: Using cached profile data instead of reading
[0875.00] Log: Wrote profile (591 bytes) to disk.
[2621.01] Log: Wrote profile (591 bytes) to disk.
[3290.63] Log: Wrote profile (591 bytes) to disk.
[3471.78] Log: Primary PhysX scene will be in software.
[3471.78] Log: Creating Primary PhysX Scene.
[450