Log: Log file open, 01/11/17 16:09:08
Log: WinSock: version 1.1 (2.2), MaxSocks=32767, MaxUdp=65467
Log: Version: 8631
Log: Compiled (32-bit): Sep 25 2013 19:23:54
Log: Changelist: 770068
Log: Command line: 
Log: Base directory: I:\1P\8\Borderlands.2.GOTY\Binaries\Win32\
[0000.52] Log: CPU Page size=4096, Processors=4
[0000.52] Log: High frequency timer resolution =2.338476 MHz
[0000.52] Log: Memory total: Physical=3.1GB Pagefile=6.1GB Virtual=2.0GB
[0000.52] Log: STEAMWORKS initialized 1
[0000.53] Log: Presizing for 0 objects not considered by GC, pre-allocating 0 bytes.
[0000.53] Log: Presizing GObjAvailable to 262144 slots (~1048576 bytes)
[0000.53] Log: Object subsystem initialized
[0000.53] Log:   Steamworks-provided language string: english
[0001.28] Log: OS stats:
[0001.28] Log: 	Windows 7 Service Pack 1
[0001.28] Log: 	RemoteDesktop=0
[0001.28] Log: Memory stats:
[0001.28] Log: 	Physical: 3141MB
[0001.28] Log: 	Virtual: 2047MB
[0001.28] Log: 	PageFile: 6280MB
[0001.28] Log: CPU stats:
[0001.28] Log: 	MeasuredPerformanceTime: 144.703 (stored result)
[0001.28] Log: 	Hyperthreaded: 1
[0001.28] Log: 	NumProcessorsPerCPU: 1
[0001.28] Log: 	NumLogicalProcessors: 4
[0001.28] Log: 	NumPhysicalProcessors: 8
[0001.28] Log: 	MaxSpeed: 2401
[0001.28] Log: 	CurrentSpeed: 1992
[0001.28] Log: 	CoresPerProcessor: 8
[0001.28] Log: 	IsOnBattery: 0
[0001.28] Log: 	BatteryLevel: 96
[0001.28] Log: 	Manufacturer: Intel
[0001.28] Log: 	CPUName: INTEL Pentium-III
[0001.28] Log: 	L1CacheSize: -1
[0001.28] Log: 	L2CacheSize: -1
[0001.28] Log: 	Architecture: x86
[0001.28] Log: GPU stats:
[0001.28] Log: 	VendorID: 000010DE
[0001.28] Log: 	DeviceID: 00000DF4
[0001.28] Log: 	DriverVersion: 9.18.13.4448
[0001.28] Log: 	DeviceName: NVIDIA GeForce GT 540M             
[0001.28] Log: 	DriverName: nvumdshim.dll
[0001.28] Log: 	PixelShaderVersion: 3
[0001.28] Log: 	VertexShaderVersion: 3
[0001.28] Log: 	VRAMQuantity: 1024
[0001.28] Log: 	DedicatedVRAM: 977
[0001.28] Log: 	AdapterCount: 1
[0001.28] Log: 	SupportsHardwareTnL: 1
[0001.28] Log: 	IsLowMemoryXPMachine: 0
[0001.28] Log: Machine  detected compatibility level: Composite: 4. CPU: 5. GPU: 4.
[0001.28] Log: Previous detected compatibility level: Composite: 4. CPU: 5. GPU: 4.
[0001.35] Log: Shader platform (RHI): PC-D3D-SM3
[0005.50] Log: PhysX GPU Support: DISABLED
[0005.73] Log: Initializing FaceFX...
[0005.79] Log: FaceFX 1.7.4 initialized.
[0025.08] Log: Finished loading startup packages in 18.59 seconds
[0025.10] Log: 154396 objects as part of root set at end of initial load.
[0025.10] Log: Initializing Engine...
[0025.30] Log: UEngine initialized
[0026.59] Log: AK Audio Device initialized.
[0026.96] Log: Client initialized
[0031.91] Log: Initializing Steamworks
[0033.74] Log: Primary PhysX scene will be in software.
[0033.74] Log: Creating Primary PhysX Scene.
[0033.97] Log: Bringing World menumap.TheWorld up for play (0) at 2017.01.11-16.09.41
[0034.06] Log: Bringing up level for play took: 0.715450
[0034.20] Log: Game engine initialized
[0034.25] Log: Initializing Engine Completed
[0039.62] Log: >>>>>>>>>>>>>> Initial startup: 39.62s <<<<<<<<<<<<<<<
[0194.12] Log: Primary PhysX scene will be in software.
[0194.12] Log: Creating Primary PhysX Scene.
[0194.17] Log: Bringing World ExampleEntry.TheWorld up for play (0) at 2017.01.11-16.12.21
[0194.18] Log: Bringing up level for play took: 0.077675
[0194.59] Log: Primary PhysX scene will be in software.
[0194.59] Log: Creating Primary PhysX Scene.
[0194.70] Log: Bringing World Loader.TheWorld up for play (0) at 2017.01.11-16.12.22
[0194.73] Log: Bringing up level for play took: 0.158199
[0194.73] Log: Using cached profile data instead of reading
[0194.76] Log: Using cached profile data instead of reading
[0807.10] Log: Wrote profile (588 bytes) to disk.
[1092.21] Log: Wrote profile (588 bytes) to disk.
[1898.78] Log: Wrote profile (588 bytes) to disk.
[2234.67] Log: Wrote profile (588 bytes) to disk.
[2657.02] Log: Wrote profile (588 bytes) to disk.
[2822.