Log: Log file open, 01/14/17 03:06:53
Log: WinSock: version 1.1 (2.2), MaxSocks=32767, MaxUdp=65467
Log: Version: 8631
Log: Compiled (32-bit): Sep 25 2013 19:23:54
Log: Changelist: 770068
Log: Command line: 
Log: Base directory: I:\1P\8\Borderlands.2.GOTY\Binaries\Win32\
[0004.39] Log: CPU Page size=4096, Processors=4
[0004.40] Log: High frequency timer resolution =2.338466 MHz
[0004.40] Log: Memory total: Physical=3.1GB Pagefile=6.1GB Virtual=2.0GB
[0004.40] Log: STEAMWORKS initialized 1
[0004.42] Log: Presizing for 0 objects not considered by GC, pre-allocating 0 bytes.
[0004.45] Log: Presizing GObjAvailable to 262144 slots (~1048576 bytes)
[0004.83] Log: Object subsystem initialized
[0004.90] Log:   Steamworks-provided language string: english
[0006.51] Log: OS stats:
[0006.51] Log: 	Windows 7 Service Pack 1
[0006.51] Log: 	RemoteDesktop=0
[0006.51] Log: Memory stats:
[0006.51] Log: 	Physical: 3141MB
[0006.51] Log: 	Virtual: 2047MB
[0006.51] Log: 	PageFile: 6280MB
[0006.51] Log: CPU stats:
[0006.51] Log: 	MeasuredPerformanceTime: 144.703 (stored result)
[0006.51] Log: 	Hyperthreaded: 1
[0006.51] Log: 	NumProcessorsPerCPU: 1
[0006.51] Log: 	NumLogicalProcessors: 4
[0006.51] Log: 	NumPhysicalProcessors: 8
[0006.51] Log: 	MaxSpeed: 2401
[0006.51] Log: 	CurrentSpeed: 792
[0006.51] Log: 	CoresPerProcessor: 8
[0006.51] Log: 	IsOnBattery: 0
[0006.51] Log: 	BatteryLevel: 100
[0006.51] Log: 	Manufacturer: Intel
[0006.51] Log: 	CPUName: INTEL Pentium-III
[0006.51] Log: 	L1CacheSize: -1
[0006.51] Log: 	L2CacheSize: -1
[0006.51] Log: 	Architecture: x86
[0006.51] Log: GPU stats:
[0006.51] Log: 	VendorID: 000010DE
[0006.51] Log: 	DeviceID: 00000DF4
[0006.51] Log: 	DriverVersion: 9.18.13.4448
[0006.51] Log: 	DeviceName: NVIDIA GeForce GT 540M             
[0006.51] Log: 	DriverName: nvumdshim.dll
[0006.51] Log: 	PixelShaderVersion: 3
[0006.51] Log: 	VertexShaderVersion: 3
[0006.51] Log: 	VRAMQuantity: 1024
[0006.51] Log: 	DedicatedVRAM: 977
[0006.51] Log: 	AdapterCount: 1
[0006.51] Log: 	SupportsHardwareTnL: 1
[0006.51] Log: 	IsLowMemoryXPMachine: 0
[0006.51] Log: Machine  detected compatibility level: Composite: 4. CPU: 5. GPU: 4.
[0006.51] Log: Previous detected compatibility level: Composite: 4. CPU: 5. GPU: 4.
[0006.84] Log: Shader platform (RHI): PC-D3D-SM3
[0009.41] Log: PhysX GPU Support: DISABLED
[0009.66] Log: Initializing FaceFX...
[0009.69] Log: FaceFX 1.7.4 initialized.
[0028.52] Log: Finished loading startup packages in 18.16 seconds
[0028.54] Log: 154396 objects as part of root set at end of initial load.
[0028.54] Log: Initializing Engine...
[0028.66] Log: UEngine initialized
[0029.77] Log: AK Audio Device initialized.
[0030.51] Log: Client initialized
[0034.68] Log: Initializing Steamworks
[0036.40] Log: Primary PhysX scene will be in software.
[0036.40] Log: Creating Primary PhysX Scene.
[0036.62] Log: Bringing World menumap.TheWorld up for play (0) at 2017.01.14-03.07.25
[0036.70] Log: Bringing up level for play took: 0.488498
[0036.96] Log: Game engine initialized
[0037.01] Log: Initializing Engine Completed
[0037.08] Log: >>>>>>>>>>>>>> Initial startup: 37.08s <<<<<<<<<<<<<<<
[0087.82] Log: Primary PhysX scene will be in software.
[0087.82] Log: Creating Primary PhysX Scene.
[0087.84] Log: Bringing World ExampleEntry.TheWorld up for play (0) at 2017.01.14-03.08.16
[0087.84] Log: Bringing up level for play took: 0.033301
[0087.99] Log: Primary PhysX scene will be in software.
[0087.99] Log: Creating Primary PhysX Scene.
[0088.04] Log: Bringing World Loader.TheWorld up for play (0) at 2017.01.14-03.08.16
[0088.06] Log: Bringing up level for play took: 0.071325
[0088.06] Log: Using cached profile data instead of reading
[0088.06] Log: Using cached profile data instead of reading
[0131.07] Log: Primary PhysX scene will be in software.
[0131.07] Log: Creating Primary PhysX Scene.
[0457.00] Log: Primary PhysX scene will be in software.
[0457.00] Log: Creating Primary PhysX Scene.
[0457.09] Log: Bringing World menumap.TheWorld up for p