Log: Log file open, 01/08/17 01:23:58
Log: WinSock: version 1.1 (2.2), MaxSocks=32767, MaxUdp=65467
Log: Version: 8631
Log: Compiled (32-bit): Sep 25 2013 19:23:54
Log: Changelist: 770068
Log: Command line: 
Log: Base directory: I:\1P\8\Borderlands.2.GOTY\Binaries\Win32\
[0004.37] Log: CPU Page size=4096, Processors=4
[0004.38] Log: High frequency timer resolution =2.338457 MHz
[0004.38] Log: Memory total: Physical=3.1GB Pagefile=6.1GB Virtual=2.0GB
[0004.38] Log: STEAMWORKS initialized 1
[0004.41] Log: Presizing for 0 objects not considered by GC, pre-allocating 0 bytes.
[0004.44] Log: Presizing GObjAvailable to 262144 slots (~1048576 bytes)
[0004.83] Log: Object subsystem initialized
[0004.90] Log:   Steamworks-provided language string: english
[0006.51] Log: OS stats:
[0006.51] Log: 	Windows 7 Service Pack 1
[0006.51] Log: 	RemoteDesktop=0
[0006.51] Log: Memory stats:
[0006.51] Log: 	Physical: 3141MB
[0006.51] Log: 	Virtual: 2047MB
[0006.51] Log: 	PageFile: 6280MB
[0006.51] Log: CPU stats:
[0006.51] Log: 	MeasuredPerformanceTime: 144.703 (stored result)
[0006.51] Log: 	Hyperthreaded: 1
[0006.51] Log: 	NumProcessorsPerCPU: 1
[0006.51] Log: 	NumLogicalProcessors: 4
[0006.51] Log: 	NumPhysicalProcessors: 8
[0006.51] Log: 	MaxSpeed: 2401
[0006.51] Log: 	CurrentSpeed: 792
[0006.51] Log: 	CoresPerProcessor: 8
[0006.51] Log: 	IsOnBattery: 0
[0006.51] Log: 	BatteryLevel: 96
[0006.51] Log: 	Manufacturer: Intel
[0006.51] Log: 	CPUName: INTEL Pentium-III
[0006.51] Log: 	L1CacheSize: -1
[0006.51] Log: 	L2CacheSize: -1
[0006.51] Log: 	Architecture: x86
[0006.51] Log: GPU stats:
[0006.51] Log: 	VendorID: 000010DE
[0006.51] Log: 	DeviceID: 00000DF4
[0006.51] Log: 	DriverVersion: 9.18.13.4448
[0006.51] Log: 	DeviceName: NVIDIA GeForce GT 540M             
[0006.51] Log: 	DriverName: nvumdshim.dll
[0006.51] Log: 	PixelShaderVersion: 3
[0006.51] Log: 	VertexShaderVersion: 3
[0006.51] Log: 	VRAMQuantity: 1024
[0006.51] Log: 	DedicatedVRAM: 977
[0006.51] Log: 	AdapterCount: 1
[0006.51] Log: 	SupportsHardwareTnL: 1
[0006.51] Log: 	IsLowMemoryXPMachine: 0
[0006.52] Log: Machine  detected compatibility level: Composite: 4. CPU: 5. GPU: 4.
[0006.52] Log: Previous detected compatibility level: Composite: 4. CPU: 5. GPU: 4.
[0006.76] Log: Shader platform (RHI): PC-D3D-SM3
[0009.04] Log: PhysX GPU Support: DISABLED
[0009.35] Log: Initializing FaceFX...
[0009.39] Log: FaceFX 1.7.4 initialized.
[0028.12] Log: Finished loading startup packages in 17.88 seconds
[0028.14] Log: 154396 objects as part of root set at end of initial load.
[0028.14] Log: Initializing Engine...
[0028.34] Log: UEngine initialized
[0029.58] Log: AK Audio Device initialized.
[0029.70] Log: Client initialized
[0033.18] Log: Initializing Steamworks
[0035.06] Log: Primary PhysX scene will be in software.
[0035.06] Log: Creating Primary PhysX Scene.
[0035.28] Log: Bringing World menumap.TheWorld up for play (0) at 2017.01.08-01.24.29
[0035.35] Log: Bringing up level for play took: 0.683663
[0035.47] Log: Game engine initialized
[0035.53] Log: Initializing Engine Completed
[0036.60] Log: >>>>>>>>>>>>>> Initial startup: 36.60s <<<<<<<<<<<<<<<
[0081.22] Log: Primary PhysX scene will be in software.
[0081.22] Log: Creating Primary PhysX Scene.
[0081.27] Log: Bringing World ExampleEntry.TheWorld up for play (0) at 2017.01.08-01.25.15
[0081.27] Log: Bringing up level for play took: 0.069729
[0081.64] Log: Primary PhysX scene will be in software.
[0081.64] Log: Creating Primary PhysX Scene.
[0081.70] Log: Bringing World Loader.TheWorld up for play (0) at 2017.01.08-01.25.15
[0081.73] Log: Bringing up level for play took: 0.112870
[0081.73] Log: Using cached profile data instead of reading
[0081.74] Log: Using cached profile data instead of reading
[0111.29] Log: Wrote profile (460 bytes) to disk.
[0223.32] Log: Wrote profile (461 bytes) to disk.
[0306.64] Log: Wrote profile (504 bytes) to disk.
[0320.42] Log: Primary PhysX scene will be in software.
[0320.42] Log: Creating Primary PhysX Scene.
[0388.