Log: Log file open, 01/20/17 13:16:00
Log: WinSock: version 1.1 (2.2), MaxSocks=32767, MaxUdp=65467
Log: Version: 8631
Log: Compiled (32-bit): Sep 25 2013 19:23:54
Log: Changelist: 770068
Log: Command line: 
Log: Base directory: I:\1P\8\Borderlands.2.GOTY\Binaries\Win32\
[0000.24] Log: CPU Page size=4096, Processors=4
[0000.24] Log: High frequency timer resolution =2.338476 MHz
[0000.24] Log: Memory total: Physical=3.1GB Pagefile=6.1GB Virtual=2.0GB
[0000.27] Log: STEAMWORKS initialized 1
[0000.27] Log: Presizing for 0 objects not considered by GC, pre-allocating 0 bytes.
[0000.27] Log: Presizing GObjAvailable to 262144 slots (~1048576 bytes)
[0000.27] Log: Object subsystem initialized
[0000.27] Log:   Steamworks-provided language string: english
[0001.01] Log: OS stats:
[0001.01] Log: 	Windows 7 Service Pack 1
[0001.01] Log: 	RemoteDesktop=0
[0001.01] Log: Memory stats:
[0001.01] Log: 	Physical: 3141MB
[0001.01] Log: 	Virtual: 2047MB
[0001.01] Log: 	PageFile: 6280MB
[0001.01] Log: CPU stats:
[0001.01] Log: 	MeasuredPerformanceTime: 144.703 (stored result)
[0001.01] Log: 	Hyperthreaded: 1
[0001.01] Log: 	NumProcessorsPerCPU: 1
[0001.01] Log: 	NumLogicalProcessors: 4
[0001.01] Log: 	NumPhysicalProcessors: 8
[0001.01] Log: 	MaxSpeed: 2401
[0001.01] Log: 	CurrentSpeed: 792
[0001.01] Log: 	CoresPerProcessor: 8
[0001.01] Log: 	IsOnBattery: 0
[0001.01] Log: 	BatteryLevel: 96
[0001.01] Log: 	Manufacturer: Intel
[0001.01] Log: 	CPUName: INTEL Pentium-III
[0001.01] Log: 	L1CacheSize: -1
[0001.01] Log: 	L2CacheSize: -1
[0001.01] Log: 	Architecture: x86
[0001.01] Log: GPU stats:
[0001.01] Log: 	VendorID: 000010DE
[0001.01] Log: 	DeviceID: 00000DF4
[0001.01] Log: 	DriverVersion: 9.18.13.4448
[0001.01] Log: 	DeviceName: NVIDIA GeForce GT 540M             
[0001.01] Log: 	DriverName: nvumdshim.dll
[0001.01] Log: 	PixelShaderVersion: 3
[0001.01] Log: 	VertexShaderVersion: 3
[0001.01] Log: 	VRAMQuantity: 1024
[0001.01] Log: 	DedicatedVRAM: 977
[0001.01] Log: 	AdapterCount: 1
[0001.01] Log: 	SupportsHardwareTnL: 1
[0001.01] Log: 	IsLowMemoryXPMachine: 0
[0001.01] Log: Machine  detected compatibility level: Composite: 4. CPU: 5. GPU: 4.
[0001.01] Log: Previous detected compatibility level: Composite: 4. CPU: 5. GPU: 4.
[0001.04] Log: Shader platform (RHI): PC-D3D-SM3
[0001.19] Log: PhysX GPU Support: DISABLED
[0001.19] Log: Initializing FaceFX...
[0001.19] Log: FaceFX 1.7.4 initialized.
[0018.47] Log: Finished loading startup packages in 16.99 seconds
[0018.49] Log: 154396 objects as part of root set at end of initial load.
[0018.49] Log: Initializing Engine...
[0018.68] Log: UEngine initialized
[0019.70] Log: AK Audio Device initialized.
[0020.63] Log: Client initialized
[0023.46] Log: Initializing Steamworks
[0025.20] Log: Primary PhysX scene will be in software.
[0025.20] Log: Creating Primary PhysX Scene.
[0025.24] Log: Bringing World menumap.TheWorld up for play (0) at 2017.01.20-13.16.25
[0025.35] Log: Bringing up level for play took: 0.463974
[0025.44] Log: Game engine initialized
[0025.49] Log: Initializing Engine Completed
[0027.42] Log: >>>>>>>>>>>>>> Initial startup: 27.42s <<<<<<<<<<<<<<<
[0132.70] Log: Primary PhysX scene will be in software.
[0132.70] Log: Creating Primary PhysX Scene.
[0132.75] Log: Bringing World ExampleEntry.TheWorld up for play (0) at 2017.01.20-13.18.12
[0132.75] Log: Bringing up level for play took: 0.072463
[0133.12] Log: Primary PhysX scene will be in software.
[0133.12] Log: Creating Primary PhysX Scene.
[0133.18] Log: Bringing World Loader.TheWorld up for play (0) at 2017.01.20-13.18.13
[0133.21] Log: Bringing up level for play took: 0.110417
[0133.21] Log: Using cached profile data instead of reading
[0133.22] Log: Using cached profile data instead of reading
[0685.84] Log: Wrote profile (588 bytes) to disk.
[2418.95] Log: Wrote profile (588 bytes) to disk.
[2555.79] Log: Wrote profile (588 bytes) to disk.
[2623.07] Log: Wrote profile (588 bytes) to disk.
[2633.87] Log: Primary PhysX scene will be in software.
[