Log: Log file open, 01/20/17 23:50:04
Log: WinSock: version 1.1 (2.2), MaxSocks=32767, MaxUdp=65467
Log: Version: 8631
Log: Compiled (32-bit): Sep 25 2013 19:23:54
Log: Changelist: 770068
Log: Command line: 
Log: Base directory: E:\Borderlands.2.GOTY\Binaries\Win32\
[0000.45] Log: CPU Page size=4096, Processors=4
[0000.45] Log: High frequency timer resolution =2.338476 MHz
[0000.45] Log: Memory total: Physical=3.1GB Pagefile=6.1GB Virtual=2.0GB
[0000.46] Log: STEAMWORKS initialized 1
[0000.47] Log: Presizing for 0 objects not considered by GC, pre-allocating 0 bytes.
[0000.47] Log: Presizing GObjAvailable to 262144 slots (~1048576 bytes)
[0000.47] Log: Object subsystem initialized
[0000.47] Log:   Steamworks-provided language string: english
[0000.74] Log: OS stats:
[0000.74] Log: 	Windows 7 Service Pack 1
[0000.74] Log: 	RemoteDesktop=0
[0000.74] Log: Memory stats:
[0000.74] Log: 	Physical: 3141MB
[0000.74] Log: 	Virtual: 2047MB
[0000.74] Log: 	PageFile: 6280MB
[0000.74] Log: CPU stats:
[0000.74] Log: 	MeasuredPerformanceTime: 144.703 (stored result)
[0000.74] Log: 	Hyperthreaded: 1
[0000.74] Log: 	NumProcessorsPerCPU: 1
[0000.74] Log: 	NumLogicalProcessors: 4
[0000.74] Log: 	NumPhysicalProcessors: 8
[0000.74] Log: 	MaxSpeed: 2401
[0000.74] Log: 	CurrentSpeed: 1992
[0000.74] Log: 	CoresPerProcessor: 8
[0000.74] Log: 	IsOnBattery: 0
[0000.74] Log: 	BatteryLevel: 95
[0000.74] Log: 	Manufacturer: Intel
[0000.74] Log: 	CPUName: INTEL Pentium-III
[0000.74] Log: 	L1CacheSize: -1
[0000.74] Log: 	L2CacheSize: -1
[0000.74] Log: 	Architecture: x86
[0000.74] Log: GPU stats:
[0000.74] Log: 	VendorID: 000010DE
[0000.74] Log: 	DeviceID: 00000DF4
[0000.74] Log: 	DriverVersion: 9.18.13.4448
[0000.74] Log: 	DeviceName: NVIDIA GeForce GT 540M             
[0000.74] Log: 	DriverName: nvumdshim.dll
[0000.74] Log: 	PixelShaderVersion: 3
[0000.74] Log: 	VertexShaderVersion: 3
[0000.74] Log: 	VRAMQuantity: 1024
[0000.74] Log: 	DedicatedVRAM: 977
[0000.74] Log: 	AdapterCount: 1
[0000.74] Log: 	SupportsHardwareTnL: 1
[0000.74] Log: 	IsLowMemoryXPMachine: 0
[0000.74] Log: Machine  detected compatibility level: Composite: 4. CPU: 5. GPU: 4.
[0000.74] Log: Previous detected compatibility level: Composite: 4. CPU: 5. GPU: 4.
[0000.75] Log: Shader platform (RHI): PC-D3D-SM3
[0000.89] Log: PhysX GPU Support: DISABLED
[0000.89] Log: Initializing FaceFX...
[0000.90] Log: FaceFX 1.7.4 initialized.
[0018.84] Log: Finished loading startup packages in 17.63 seconds
[0018.85] Log: 154396 objects as part of root set at end of initial load.
[0018.85] Log: Initializing Engine...
[0018.90] Log: UEngine initialized
[0019.70] Log: AK Audio Device initialized.
[0020.03] Log: Client initialized
[0022.91] Log: Initializing Steamworks
[0024.35] Log: Primary PhysX scene will be in software.
[0024.35] Log: Creating Primary PhysX Scene.
[0024.50] Log: Bringing World menumap.TheWorld up for play (0) at 2017.01.20-23.50.28
[0024.56] Log: Bringing up level for play took: 0.664792
[0024.63] Log: Game engine initialized
[0024.73] Log: Initializing Engine Completed
[0025.67] Log: >>>>>>>>>>>>>> Initial startup: 25.67s <<<<<<<<<<<<<<<
[0087.77] Log: Primary PhysX scene will be in software.
[0087.77] Log: Creating Primary PhysX Scene.
[0087.79] Log: Bringing World ExampleEntry.TheWorld up for play (0) at 2017.01.20-23.51.31
[0087.79] Log: Bringing up level for play took: 0.027711
[0087.94] Log: Primary PhysX scene will be in software.
[0087.94] Log: Creating Primary PhysX Scene.
[0087.98] Log: Bringing World Loader.TheWorld up for play (0) at 2017.01.20-23.51.31
[0087.99] Log: Bringing up level for play took: 0.052324
[0087.99] Log: Using cached profile data instead of reading
[0087.99] Log: Using cached profile data instead of reading
[0095.14] Log: Wrote profile (549 bytes) to disk.
[0211.60] Log: Wrote profile (525 bytes) to disk.
[0216.07] Log: Primary PhysX scene will be in software.
[0216.07] Log: Creating Primary PhysX Scene.
[1062.65] Log: Primary PhysX scene will be in software.
[1062