Log: Log file open, 01/18/17 12:43:13
Log: WinSock: version 1.1 (2.2), MaxSocks=32767, MaxUdp=65467
Log: Version: 8631
Log: Compiled (32-bit): Sep 25 2013 19:23:54
Log: Changelist: 770068
Log: Command line: 
Log: Base directory: I:\1P\8\Borderlands.2.GOTY\Binaries\Win32\
[0000.47] Log: CPU Page size=4096, Processors=4
[0000.47] Log: High frequency timer resolution =2.338486 MHz
[0000.47] Log: Memory total: Physical=3.1GB Pagefile=6.1GB Virtual=2.0GB
[0000.47] Log: STEAMWORKS initialized 1
[0000.47] Log: Presizing for 0 objects not considered by GC, pre-allocating 0 bytes.
[0000.47] Log: Presizing GObjAvailable to 262144 slots (~1048576 bytes)
[0000.48] Log: Object subsystem initialized
[0000.48] Log:   Steamworks-provided language string: english
[0000.78] Log: OS stats:
[0000.78] Log: 	Windows 7 Service Pack 1
[0000.78] Log: 	RemoteDesktop=0
[0000.78] Log: Memory stats:
[0000.78] Log: 	Physical: 3141MB
[0000.78] Log: 	Virtual: 2047MB
[0000.78] Log: 	PageFile: 6280MB
[0000.78] Log: CPU stats:
[0000.78] Log: 	MeasuredPerformanceTime: 144.703 (stored result)
[0000.78] Log: 	Hyperthreaded: 1
[0000.78] Log: 	NumProcessorsPerCPU: 1
[0000.78] Log: 	NumLogicalProcessors: 4
[0000.78] Log: 	NumPhysicalProcessors: 8
[0000.78] Log: 	MaxSpeed: 2401
[0000.78] Log: 	CurrentSpeed: 2401
[0000.78] Log: 	CoresPerProcessor: 8
[0000.78] Log: 	IsOnBattery: 0
[0000.78] Log: 	BatteryLevel: 98
[0000.78] Log: 	Manufacturer: Intel
[0000.78] Log: 	CPUName: INTEL Pentium-III
[0000.78] Log: 	L1CacheSize: -1
[0000.78] Log: 	L2CacheSize: -1
[0000.78] Log: 	Architecture: x86
[0000.78] Log: GPU stats:
[0000.78] Log: 	VendorID: 000010DE
[0000.78] Log: 	DeviceID: 00000DF4
[0000.78] Log: 	DriverVersion: 9.18.13.4448
[0000.78] Log: 	DeviceName: NVIDIA GeForce GT 540M             
[0000.78] Log: 	DriverName: nvumdshim.dll
[0000.78] Log: 	PixelShaderVersion: 3
[0000.78] Log: 	VertexShaderVersion: 3
[0000.78] Log: 	VRAMQuantity: 1024
[0000.78] Log: 	DedicatedVRAM: 977
[0000.78] Log: 	AdapterCount: 1
[0000.78] Log: 	SupportsHardwareTnL: 1
[0000.78] Log: 	IsLowMemoryXPMachine: 0
[0000.79] Log: Machine  detected compatibility level: Composite: 4. CPU: 5. GPU: 4.
[0000.79] Log: Previous detected compatibility level: Composite: 4. CPU: 5. GPU: 4.
[0000.81] Log: Shader platform (RHI): PC-D3D-SM3
[0001.41] Log: PhysX GPU Support: DISABLED
[0001.52] Log: Initializing FaceFX...
[0001.53] Log: FaceFX 1.7.4 initialized.
[0019.49] Log: Finished loading startup packages in 17.45 seconds
[0019.51] Log: 154396 objects as part of root set at end of initial load.
[0019.51] Log: Initializing Engine...
[0019.55] Log: UEngine initialized
[0020.63] Log: AK Audio Device initialized.
[0020.84] Log: Client initialized
[0023.56] Log: Initializing Steamworks
[0025.00] Log: Primary PhysX scene will be in software.
[0025.00] Log: Creating Primary PhysX Scene.
[0025.04] Log: Bringing World menumap.TheWorld up for play (0) at 2017.01.18-12.43.37
[0025.11] Log: Bringing up level for play took: 0.397614
[0025.14] Log: Game engine initialized
[0025.20] Log: Initializing Engine Completed
[0027.02] Log: >>>>>>>>>>>>>> Initial startup: 27.02s <<<<<<<<<<<<<<<
[0131.87] Log: Primary PhysX scene will be in software.
[0131.87] Log: Creating Primary PhysX Scene.
[0131.92] Log: Bringing World ExampleEntry.TheWorld up for play (0) at 2017.01.18-12.45.24
[0131.93] Log: Bringing up level for play took: 0.071013
[0132.39] Log: Primary PhysX scene will be in software.
[0132.39] Log: Creating Primary PhysX Scene.
[0132.44] Log: Bringing World Loader.TheWorld up for play (0) at 2017.01.18-12.45.25
[0132.47] Log: Bringing up level for play took: 0.095611
[0132.47] Log: Using cached profile data instead of reading
[0132.48] Log: Using cached profile data instead of reading
[0145.56] Log: Wrote profile (652 bytes) to disk.
[1854.71] Log: Wrote profile (652 bytes) to disk.
[2900.22] Log: Wrote profile (652 bytes) to disk.
[3794.44] Log: Wrote profile (652 bytes) to disk.
[5378.75] Log: Wrote profile (652 bytes) to disk.
