Log: Log file open, 01/06/17 13:49:31
Log: WinSock: version 1.1 (2.2), MaxSocks=32767, MaxUdp=65467
Log: Version: 8631
Log: Compiled (32-bit): Sep 25 2013 19:23:54
Log: Changelist: 770068
Log: Command line: 
Log: Base directory: I:\1P\8\Borderlands.2.GOTY\Binaries\Win32\
[0000.27] Log: CPU Page size=4096, Processors=4
[0000.27] Log: High frequency timer resolution =2.338466 MHz
[0000.27] Log: Memory total: Physical=3.1GB Pagefile=6.1GB Virtual=2.0GB
[0000.27] Log: STEAMWORKS initialized 1
[0000.28] Log: Presizing for 0 objects not considered by GC, pre-allocating 0 bytes.
[0000.28] Log: Presizing GObjAvailable to 262144 slots (~1048576 bytes)
[0000.28] Log: Object subsystem initialized
[0000.28] Log:   Steamworks-provided language string: english
[0000.62] Log: OS stats:
[0000.62] Log: 	Windows 7 Service Pack 1
[0000.62] Log: 	RemoteDesktop=0
[0000.62] Log: Memory stats:
[0000.62] Log: 	Physical: 3141MB
[0000.62] Log: 	Virtual: 2047MB
[0000.62] Log: 	PageFile: 6280MB
[0000.62] Log: CPU stats:
[0000.62] Log: 	MeasuredPerformanceTime: 144.703 (stored result)
[0000.62] Log: 	Hyperthreaded: 1
[0000.62] Log: 	NumProcessorsPerCPU: 1
[0000.62] Log: 	NumLogicalProcessors: 4
[0000.62] Log: 	NumPhysicalProcessors: 8
[0000.62] Log: 	MaxSpeed: 2401
[0000.62] Log: 	CurrentSpeed: 2376
[0000.62] Log: 	CoresPerProcessor: 8
[0000.62] Log: 	IsOnBattery: 0
[0000.62] Log: 	BatteryLevel: 97
[0000.62] Log: 	Manufacturer: Intel
[0000.62] Log: 	CPUName: INTEL Pentium-III
[0000.62] Log: 	L1CacheSize: -1
[0000.62] Log: 	L2CacheSize: -1
[0000.62] Log: 	Architecture: x86
[0000.62] Log: GPU stats:
[0000.62] Log: 	VendorID: 000010DE
[0000.62] Log: 	DeviceID: 00000DF4
[0000.62] Log: 	DriverVersion: 9.18.13.4448
[0000.62] Log: 	DeviceName: NVIDIA GeForce GT 540M             
[0000.62] Log: 	DriverName: nvumdshim.dll
[0000.62] Log: 	PixelShaderVersion: 3
[0000.62] Log: 	VertexShaderVersion: 3
[0000.62] Log: 	VRAMQuantity: 1024
[0000.62] Log: 	DedicatedVRAM: 977
[0000.62] Log: 	AdapterCount: 1
[0000.62] Log: 	SupportsHardwareTnL: 1
[0000.62] Log: 	IsLowMemoryXPMachine: 0
[0000.62] Log: Machine  detected compatibility level: Composite: 4. CPU: 5. GPU: 4.
[0000.62] Log: Previous detected compatibility level: Composite: 4. CPU: 5. GPU: 4.
[0000.65] Log: Shader platform (RHI): PC-D3D-SM3
[0000.82] Log: PhysX GPU Support: DISABLED
[0000.82] Log: Initializing FaceFX...
[0000.82] Log: FaceFX 1.7.4 initialized.
[0020.79] Log: Finished loading startup packages in 19.28 seconds
[0020.81] Log: 154396 objects as part of root set at end of initial load.
[0020.81] Log: Initializing Engine...
[0021.12] Log: UEngine initialized
[0022.34] Log: AK Audio Device initialized.
[0022.67] Log: Client initialized
[0026.10] Log: Initializing Steamworks
[0028.09] Log: Primary PhysX scene will be in software.
[0028.09] Log: Creating Primary PhysX Scene.
[0028.39] Log: Bringing World menumap.TheWorld up for play (0) at 2017.01.06-13.49.59
[0028.56] Log: Bringing up level for play took: 0.800144
[0028.64] Log: Game engine initialized
[0028.69] Log: Initializing Engine Completed
[0029.97] Log: >>>>>>>>>>>>>> Initial startup: 29.97s <<<<<<<<<<<<<<<
[0133.02] Log: Primary PhysX scene will be in software.
[0133.03] Log: Creating Primary PhysX Scene.
[0133.07] Log: Bringing World ExampleEntry.TheWorld up for play (0) at 2017.01.06-13.51.44
[0133.08] Log: Bringing up level for play took: 0.066288
[0133.44] Log: Primary PhysX scene will be in software.
[0133.44] Log: Creating Primary PhysX Scene.
[0133.56] Log: Bringing World Loader.TheWorld up for play (0) at 2017.01.06-13.51.44
[0133.59] Log: Bringing up level for play took: 0.171628
[0133.59] Log: Using cached profile data instead of reading
[0133.60] Log: Using cached profile data instead of reading
[0601.41] Log: Primary PhysX scene will be in software.
[0601.41] Log: Creating Primary PhysX Scene.
[1265.92] Log: Wrote profile (448 bytes) to disk.
[2081.14] Log: Wrote profile (448 bytes) to disk.
[2334.28] Log: Wrote profile (446 bytes) to disk.
[2381